"../../../../../Game Development/Unreal Engine 4/UE4 Projects/CoopSurvival/Content/AnimStarterPack/UE4_Mannequin/Mesh/UE4_Mannequin_Skeleton.uasset" 0
"../../../../../Game Development/Unreal Engine 4/UE4 Projects/CoopSurvival/Content/AnimStarterPack/Aim_Space_Hip.uasset" 1
"../../../../../Game Development/Unreal Engine 4/UE4 Projects/CoopSurvival/Content/AnimStarterPack/Aim_Space_Ironsights.uasset" 2
"../../../../../Game Development/Unreal Engine 4/UE4 Projects/CoopSurvival/Content/AnimStarterPack/Crouch_to_Stand_Rifle_Hip.uasset" 3
"../../../../../Game Development/Unreal Engine 4/UE4 Projects/CoopSurvival/Content/AnimStarterPack/Crouch_to_Stand_Rifle_Ironsights.uasset" 4
"../../../../../Game Development/Unreal Engine 4/UE4 Projects/CoopSurvival/Content/AnimStarterPack/Crouch_Walk_Bwd_Rifle_Ironsights.uasset" 5
"../../../../../Game Development/Unreal Engine 4/UE4 Projects/CoopSurvival/Content/AnimStarterPack/Crouch_Walk_Lt_Rifle_Ironsights.uasset" 6
"../../../../../Game Development/Unreal Engine 4/UE4 Projects/CoopSurvival/Content/AnimStarterPack/Crouch_Walk_Rt_Rifle_Ironsights.uasset" 7
"../../../../../Game Development/Unreal Engine 4/UE4 Projects/CoopSurvival/Content/AnimStarterPack/Death_2.uasset" 8
"../../../../../Game Development/Unreal Engine 4/UE4 Projects/CoopSurvival/Content/AnimStarterPack/Death_3.uasset" 9
"../../../../../Game Development/Unreal Engine 4/UE4 Projects/CoopSurvival/Content/AnimStarterPack/Death_Ironsights_1.uasset" 10
"../../../../../Game Development/Unreal Engine 4/UE4 Projects/CoopSurvival/Content/AnimStarterPack/Death_Ironsights_2.uasset" 11
"../../../../../Game Development/Unreal Engine 4/UE4 Projects/CoopSurvival/Content/AnimStarterPack/Equip_Rifle_Standing.uasset" 12
"../../../../../Game Development/Unreal Engine 4/UE4 Projects/CoopSurvival/Content/AnimStarterPack/Fire_Rifle_Hip.uasset" 13
"../../../../../Game Development/Unreal Engine 4/UE4 Projects/CoopSurvival/Content/AnimStarterPack/Fire_Shotgun_Hip.uasset" 14
"../../../../../Game Development/Unreal Engine 4/UE4 Projects/CoopSurvival/Content/AnimStarterPack/Fire_Shotgun_Ironsights.uasset" 15
"../../../../../Game Development/Unreal Engine 4/UE4 Projects/CoopSurvival/Content/AnimStarterPack/Hit_React_4.uasset" 16
"../../../../../Game Development/Unreal Engine 4/UE4 Projects/CoopSurvival/Content/AnimStarterPack/Idle_Pistol.uasset" 17
"../../../../../Game Development/Unreal Engine 4/UE4 Projects/CoopSurvival/Content/AnimStarterPack/Idle_Rifle_Ironsights.uasset" 18
"../../../../../Game Development/Unreal Engine 4/UE4 Projects/CoopSurvival/Content/AnimStarterPack/Jump_From_Stand_Ironsights.uasset" 19
"../../../../../Game Development/Unreal Engine 4/UE4 Projects/CoopSurvival/Content/AnimStarterPack/Prone_Death_1.uasset" 20
"../../../../../Game Development/Unreal Engine 4/UE4 Projects/CoopSurvival/Content/AnimStarterPack/Prone_Death_2.uasset" 21
"../../../../../Game Development/Unreal Engine 4/UE4 Projects/CoopSurvival/Content/AnimStarterPack/Prone_Fire_1.uasset" 22
"../../../../../Game Development/Unreal Engine 4/UE4 Projects/CoopSurvival/Content/AnimStarterPack/Prone_Fire_2.uasset" 23
"../../../../../Game Development/Unreal Engine 4/UE4 Projects/CoopSurvival/Content/AnimStarterPack/Prone_Idle.uasset" 24
"../../../../../Game Development/Unreal Engine 4/UE4 Projects/CoopSurvival/Content/AnimStarterPack/Prone_Reload_Rifle.uasset" 25
"../../../../../Game Development/Unreal Engine 4/UE4 Projects/CoopSurvival/Content/AnimStarterPack/Prone_Reload_Shotgun.uasset" 26
"../../../../../Game Development/Unreal Engine 4/UE4 Projects/CoopSurvival/Content/AnimStarterPack/Prone_To_Stand.uasset" 27
"../../../../../Game Development/Unreal Engine 4/UE4 Projects/CoopSurvival/Content/AnimStarterPack/Reload_Pistol.uasset" 28
"../../../../../Game Development/Unreal Engine 4/UE4 Projects/CoopSurvival/Content/AnimStarterPack/Reload_Rifle_Ironsights.uasset" 29
"../../../../../Game Development/Unreal Engine 4/UE4 Projects/CoopSurvival/Content/AnimStarterPack/Reload_Shotgun_Hip.uasset" 30
"../../../../../Game Development/Unreal Engine 4/UE4 Projects/CoopSurvival/Content/AnimStarterPack/Reload_Shotgun_Ironsights.uasset" 31
"../../../../../Game Development/Unreal Engine 4/UE4 Projects/CoopSurvival/Content/AnimStarterPack/Sprint_Fwd_Rifle.uasset" 32
"../../../../../Game Development/Unreal Engine 4/UE4 Projects/CoopSurvival/Content/AnimStarterPack/Stand_to_Crouch_Rifle_Hip.uasset" 33
"../../../../../Game Development/Unreal Engine 4/UE4 Projects/CoopSurvival/Content/AnimStarterPack/Stand_to_Crouch_Rifle_Ironsights.uasset" 34
"../../../../../Game Development/Unreal Engine 4/UE4 Projects/CoopSurvival/Content/AnimStarterPack/Stand_To_Prone.uasset" 35
"../../../../../Game Development/Unreal Engine 4/UE4 Projects/CoopSurvival/Content/AnimStarterPack/Crouch_Idle_Rifle_Hip.uasset" 36
"../../../../../Game Development/Unreal Engine 4/UE4 Projects/CoopSurvival/Content/AnimStarterPack/Death_1.uasset" 37
"../../../../../Game Development/Unreal Engine 4/UE4 Projects/CoopSurvival/Content/AnimStarterPack/Idle_Rifle_Hip.uasset" 38
"../../../../../Game Development/Unreal Engine 4/UE4 Projects/CoopSurvival/Content/AnimStarterPack/Jump_From_Jog.uasset" 39
"../../../../../Game Development/Unreal Engine 4/UE4 Projects/CoopSurvival/Content/AnimStarterPack/Jump_From_Stand.uasset" 40
"../../../../../Game Development/Unreal Engine 4/UE4 Projects/CoopSurvival/Content/AnimStarterPack/Crouch_Walk_Bwd_Rifle_Hip.uasset" 41
"../../../../../Game Development/Unreal Engine 4/UE4 Projects/CoopSurvival/Content/AnimStarterPack/Crouch_Walk_Fwd_Rifle_Hip.uasset" 42
"../../../../../Game Development/Unreal Engine 4/UE4 Projects/CoopSurvival/Content/AnimStarterPack/Crouch_Walk_Lt_Rifle_Hip.uasset" 43
"../../../../../Game Development/Unreal Engine 4/UE4 Projects/CoopSurvival/Content/AnimStarterPack/Crouch_Walk_Rt_Rifle_Hip.uasset" 44
"../../../../../Game Development/Unreal Engine 4/UE4 Projects/CoopSurvival/Content/AnimStarterPack/BS_CrouchWalk.uasset" 45
"../../../../../Game Development/Unreal Engine 4/UE4 Projects/CoopSurvival/Content/AnimStarterPack/Jog_Bwd_Rifle.uasset" 46
"../../../../../Game Development/Unreal Engine 4/UE4 Projects/CoopSurvival/Content/AnimStarterPack/Jog_Fwd_Rifle.uasset" 47
"../../../../../Game Development/Unreal Engine 4/UE4 Projects/CoopSurvival/Content/AnimStarterPack/Jog_Lt_Rifle.uasset" 48
"../../../../../Game Development/Unreal Engine 4/UE4 Projects/CoopSurvival/Content/AnimStarterPack/Jog_Rt_Rifle.uasset" 49
"../../../../../Game Development/Unreal Engine 4/UE4 Projects/CoopSurvival/Content/AnimStarterPack/BS_Jog.uasset" 50
"../../../../../Game Development/Unreal Engine 4/UE4 Projects/CoopSurvival/Content/AnimStarterPack/UE4ASP_HeroTPP_AnimBlueprint.uasset" 51
"../../../Engine/Content/Functions/Engine_MaterialFunctions02/Utility/BlendAngleCorrectedNormals.uasset" 52
"../../../Engine/Content/Functions/MaterialLayerFunctions/MatLayerBlend_AO.uasset" 53
"../../../Engine/Content/Functions/MaterialLayerFunctions/MatLayerBlend_NormalBlend.uasset" 54
"../../../Engine/Content/Functions/MaterialLayerFunctions/MatLayerBlend_Simple.uasset" 55
"../../../../../Game Development/Unreal Engine 4/UE4 Projects/CoopSurvival/Content/AnimStarterPack/UE4_Mannequin/Materials/MaterialLayers/T_ML_Rubber_Blue_01_D.uasset" 56
"../../../../../Game Development/Unreal Engine 4/UE4 Projects/CoopSurvival/Content/AnimStarterPack/UE4_Mannequin/Materials/MaterialLayers/T_ML_Rubber_Blue_01_N.uasset" 57
"../../../../../Game Development/Unreal Engine 4/UE4 Projects/CoopSurvival/Content/AnimStarterPack/UE4_Mannequin/Materials/MaterialLayers/ML_GlossyBlack_Latex_UE4.uasset" 58
"../../../../../Game Development/Unreal Engine 4/UE4 Projects/CoopSurvival/Content/AnimStarterPack/UE4_Mannequin/Materials/MaterialLayers/ML_Plastic_Shiny_Beige.uasset" 59
"../../../../../Game Development/Unreal Engine 4/UE4 Projects/CoopSurvival/Content/AnimStarterPack/UE4_Mannequin/Textures/UE4_LOGO_CARD.uasset" 60
"../../../../../Game Development/Unreal Engine 4/UE4 Projects/CoopSurvival/Content/AnimStarterPack/UE4_Mannequin/Materials/MaterialLayers/ML_Plastic_Shiny_Beige_LOGO.uasset" 61
"../../../../../Game Development/Unreal Engine 4/UE4 Projects/CoopSurvival/Content/AnimStarterPack/UE4_Mannequin/Materials/MaterialLayers/T_ML_Aluminum01.uasset" 62
"../../../../../Game Development/Unreal Engine 4/UE4 Projects/CoopSurvival/Content/AnimStarterPack/UE4_Mannequin/Materials/MaterialLayers/T_ML_Aluminum01_N.uasset" 63
"../../../../../Game Development/Unreal Engine 4/UE4 Projects/CoopSurvival/Content/AnimStarterPack/UE4_Mannequin/Materials/MaterialLayers/ML_SoftMetal_UE4.uasset" 64
"../../../../../Game Development/Unreal Engine 4/UE4 Projects/CoopSurvival/Content/AnimStarterPack/UE4_Mannequin/Textures/UE4_Mannequin__normals.uasset" 65
"../../../../../Game Development/Unreal Engine 4/UE4 Projects/CoopSurvival/Content/AnimStarterPack/UE4_Mannequin/Textures/UE4_Mannequin_MAT_MASKA.uasset" 66
"../../../../../Game Development/Unreal Engine 4/UE4 Projects/CoopSurvival/Content/AnimStarterPack/UE4_Mannequin/Textures/UE4_Mannequin_occlusion_Mobile.uasset" 67
"../../../../../Game Development/Unreal Engine 4/UE4 Projects/CoopSurvival/Content/AnimStarterPack/UE4_Mannequin/Materials/M_UE4Man_Body.uasset" 68
"../../../../../Game Development/Unreal Engine 4/UE4 Projects/CoopSurvival/Content/AnimStarterPack/UE4_Mannequin/Textures/UE4Man_Logo_N.uasset" 69
"../../../../../Game Development/Unreal Engine 4/UE4 Projects/CoopSurvival/Content/AnimStarterPack/UE4_Mannequin/Materials/M_UE4Man_ChestLogo.uasset" 70
"../../../../../Game Development/Unreal Engine 4/UE4 Projects/CoopSurvival/Content/Core/PhysMat_FleshDefault.uasset" 71
"../../../../../Game Development/Unreal Engine 4/UE4 Projects/CoopSurvival/Content/Core/PhysMat_FleshVulnerable.uasset" 72
"../../../../../Game Development/Unreal Engine 4/UE4 Projects/CoopSurvival/Content/AnimStarterPack/UE4_Mannequin/Mesh/SK_Mannequin_PhysicsAsset.uasset" 73
"../../../../../Game Development/Unreal Engine 4/UE4 Projects/CoopSurvival/Content/AnimStarterPack/UE4_Mannequin/Mesh/SK_Mannequin.uasset" 74
"../../../../../Game Development/Unreal Engine 4/UE4 Projects/CoopSurvival/Content/AnimStarterPack/Ue4ASP_Character.uasset" 75
"../../../../../Game Development/Unreal Engine 4/UE4 Projects/CoopSurvival/Content/AnimStarterPack/Walk_Bwd_Rifle_Ironsights.uasset" 76
"../../../../../Game Development/Unreal Engine 4/UE4 Projects/CoopSurvival/Content/AnimStarterPack/Walk_Lt_Rifle_Ironsights.uasset" 77
"../../../../../Game Development/Unreal Engine 4/UE4 Projects/CoopSurvival/Content/AnimStarterPack/Walk_Rt_Rifle_Ironsights.uasset" 78
"../../../../../Game Development/Unreal Engine 4/UE4 Projects/CoopSurvival/Content/Blueprints/CamShake_RifleFire.uasset" 79
"../../../../../Game Development/Unreal Engine 4/UE4 Projects/CoopSurvival/Content/Weapons/Crosshairs/T_Crosshair_Horizontal_M.uasset" 80
"../../../../../Game Development/Unreal Engine 4/UE4 Projects/CoopSurvival/Content/Weapons/Crosshairs/T_Crosshair_Scanline_M.uasset" 81
"../../../../../Game Development/Unreal Engine 4/UE4 Projects/CoopSurvival/Content/Weapons/Crosshairs/M_Crosshairs_MultiHolo_Scanline.uasset" 82
"../../../../../Game Development/Unreal Engine 4/UE4 Projects/CoopSurvival/Content/Weapons/MagGun_01_N.uasset" 83
"../../../../../Game Development/Unreal Engine 4/UE4 Projects/CoopSurvival/Content/Weapons/M_Weapon01.uasset" 84
"../../../../../Game Development/Unreal Engine 4/UE4 Projects/CoopSurvival/Content/Weapons/MI_Rifle01.uasset" 85
"../../../../../Game Development/Unreal Engine 4/UE4 Projects/CoopSurvival/Content/Weapons/MagGun_02_N.uasset" 86
"../../../../../Game Development/Unreal Engine 4/UE4 Projects/CoopSurvival/Content/Weapons/MI_Rifle02.uasset" 87
"../../../../../Game Development/Unreal Engine 4/UE4 Projects/CoopSurvival/Content/Weapons/SK_Rifle_Skeleton.uasset" 88
"../../../../../Game Development/Unreal Engine 4/UE4 Projects/CoopSurvival/Content/Weapons/SK_Rifle.uasset" 89
"../../../../../Game Development/Unreal Engine 4/UE4 Projects/CoopSurvival/Content/Weapons/WeaponEffects/BasicTracer/Beam.uasset" 90
"../../../../../Game Development/Unreal Engine 4/UE4 Projects/CoopSurvival/Content/Weapons/WeaponEffects/BasicTracer/M_Beam.uasset" 91
"../../../../../Game Development/Unreal Engine 4/UE4 Projects/CoopSurvival/Content/Weapons/WeaponEffects/BasicTracer/P_SmokeTrail.uasset" 92
"../../../../../Game Development/Unreal Engine 4/UE4 Projects/CoopSurvival/Content/Weapons/WeaponEffects/BloodImpact/clouds_dust_detail_01.uasset" 93
"../../../../../Game Development/Unreal Engine 4/UE4 Projects/CoopSurvival/Content/Weapons/WeaponEffects/BloodImpact/M_blood_cloud_01.uasset" 94
"../../../../../Game Development/Unreal Engine 4/UE4 Projects/CoopSurvival/Content/Weapons/WeaponEffects/BloodImpact/T_BloodSplatter_Frames01.uasset" 95
"../../../../../Game Development/Unreal Engine 4/UE4 Projects/CoopSurvival/Content/Weapons/WeaponEffects/BloodImpact/M_blood_splash_01.uasset" 96
"../../../../../Game Development/Unreal Engine 4/UE4 Projects/CoopSurvival/Content/Weapons/WeaponEffects/BloodImpact/T_BloodSplat_03_SubUV.uasset" 97
"../../../../../Game Development/Unreal Engine 4/UE4 Projects/CoopSurvival/Content/Weapons/WeaponEffects/BloodImpact/M_blood_splash_03.uasset" 98
"../../../../../Game Development/Unreal Engine 4/UE4 Projects/CoopSurvival/Content/Weapons/WeaponEffects/BloodImpact/P_blood_splash_02.uasset" 99
"../../../../../Game Development/Unreal Engine 4/UE4 Projects/CoopSurvival/Content/Weapons/WeaponEffects/GenericImpact/Flare_02.uasset" 100
"../../../../../Game Development/Unreal Engine 4/UE4 Projects/CoopSurvival/Content/Weapons/WeaponEffects/GenericImpact/M_LensFlare_02.uasset" 101
"../../../../../Game Development/Unreal Engine 4/UE4 Projects/CoopSurvival/Content/Weapons/WeaponEffects/GenericImpact/T_SparkCore_2X2.uasset" 102
"../../../../../Game Development/Unreal Engine 4/UE4 Projects/CoopSurvival/Content/Weapons/WeaponEffects/GenericImpact/M_spark_subUV.uasset" 103
"../../../../../Game Development/Unreal Engine 4/UE4 Projects/CoopSurvival/Content/Weapons/WeaponEffects/GenericImpact/P_RifleImpact.uasset" 104
"../../../../../Game Development/Unreal Engine 4/UE4 Projects/CoopSurvival/Content/Weapons/WeaponEffects/Muzzle/MuzzleSmokeOne_1024_11x11.uasset" 105
"../../../../../Game Development/Unreal Engine 4/UE4 Projects/CoopSurvival/Content/Weapons/WeaponEffects/Muzzle/MuzzleFlash_Master.uasset" 106
"../../../../../Game Development/Unreal Engine 4/UE4 Projects/CoopSurvival/Content/Weapons/WeaponEffects/Muzzle/MuzzleFlash_Master_Inst.uasset" 107
"../../../../../Game Development/Unreal Engine 4/UE4 Projects/CoopSurvival/Content/Weapons/WeaponEffects/Muzzle/MuzzleTwo_2048_6x6.uasset" 108
"../../../../../Game Development/Unreal Engine 4/UE4 Projects/CoopSurvival/Content/Weapons/WeaponEffects/Muzzle/MuzzleFlash_Master_Inst_2.uasset" 109
"../../../../../Game Development/Unreal Engine 4/UE4 Projects/CoopSurvival/Content/Weapons/WeaponEffects/Muzzle/P_Muzzle_Large.uasset" 110
"../../../../../Game Development/Unreal Engine 4/UE4 Projects/CoopSurvival/Content/Blueprints/BP_Rifle.uasset" 111
"../../../../../Game Development/Unreal Engine 4/UE4 Projects/CoopSurvival/Content/UI/WBP_Crosshair.uasset" 112
"../../../Engine/Content/EditorBlueprintResources/StandardMacros.uasset" 113
"../../../../../Game Development/Unreal Engine 4/UE4 Projects/CoopSurvival/Content/UI/T_HealthMask.uasset" 114
"../../../../../Game Development/Unreal Engine 4/UE4 Projects/CoopSurvival/Content/UI/M_HealthIndicator.uasset" 115
"../../../../../Game Development/Unreal Engine 4/UE4 Projects/CoopSurvival/Content/UI/WBP_HealthIndicator.uasset" 116
"../../../../../Game Development/Unreal Engine 4/UE4 Projects/CoopSurvival/Content/Blueprints/BP_PlayerPawn.uasset" 117
"../../../../../Game Development/Unreal Engine 4/UE4 Projects/CoopSurvival/Content/Blueprints/EnvQueryContext_AllPlayers.uasset" 118
"../../../../../Game Development/Unreal Engine 4/UE4 Projects/CoopSurvival/Content/Blueprints/EnvQueryContext_BotSpawns.uasset" 119
"../../../../../Game Development/Unreal Engine 4/UE4 Projects/CoopSurvival/Content/Blueprints/EQS_FindSpawnLocation.uasset" 120
"../../../../../Game Development/Unreal Engine 4/UE4 Projects/CoopSurvival/Content/Blueprints/BP_EQSTestingPawn.uasset" 121
"../../../Engine/Content/EngineMaterials/T_Default_Material_Grid_M.uasset" 122
"../../../../../Game Development/Unreal Engine 4/UE4 Projects/CoopSurvival/Content/Meshes/ExplosiveBarrel/M_ExplosiveBarrel.uasset" 123
"../../../../../Game Development/Unreal Engine 4/UE4 Projects/CoopSurvival/Content/Meshes/ExplosiveBarrel/M_ExplosiveBarrelExploded.uasset" 124
"../../../Engine/Content/Functions/Engine_MaterialFunctions01/Opacity/CameraDepthFade.uasset" 125
"../../../Engine/Content/EngineMaterials/T_Default_Material_Grid_N.uasset" 126
"../../../Engine/Content/EngineMaterials/DefaultMaterial.uasset" 127
"../../../../../Game Development/Unreal Engine 4/UE4 Projects/CoopSurvival/Content/Meshes/ExplosiveBarrel/SM_ExplosiveBarrel.uasset" 128
"../../../../../Game Development/Unreal Engine 4/UE4 Projects/CoopSurvival/Content/Weapons/WeaponEffects/Explosion/T_Burst_M.uasset" 129
"../../../../../Game Development/Unreal Engine 4/UE4 Projects/CoopSurvival/Content/Weapons/WeaponEffects/Explosion/M_Burst.uasset" 130
"../../../../../Game Development/Unreal Engine 4/UE4 Projects/CoopSurvival/Content/Weapons/WeaponEffects/Explosion/T_Explosion_SubUV.uasset" 131
"../../../../../Game Development/Unreal Engine 4/UE4 Projects/CoopSurvival/Content/Weapons/WeaponEffects/Explosion/M_explosion_subUV.uasset" 132
"../../../../../Game Development/Unreal Engine 4/UE4 Projects/CoopSurvival/Content/Weapons/WeaponEffects/Explosion/m_flare_01.uasset" 133
"../../../Engine/Content/Functions/Engine_MaterialFunctions01/Gradient/RadialGradient.uasset" 134
"../../../../../Game Development/Unreal Engine 4/UE4 Projects/CoopSurvival/Content/Weapons/WeaponEffects/Explosion/M_radial_ramp.uasset" 135
"../../../../../Game Development/Unreal Engine 4/UE4 Projects/CoopSurvival/Content/Weapons/WeaponEffects/Explosion/T_Smoke_SubUV.uasset" 136
"../../../../../Game Development/Unreal Engine 4/UE4 Projects/CoopSurvival/Content/Weapons/WeaponEffects/Explosion/T_Smoke_Tiled_D.uasset" 137
"../../../../../Game Development/Unreal Engine 4/UE4 Projects/CoopSurvival/Content/Weapons/WeaponEffects/Explosion/M_smoke_subUV.uasset" 138
"../../../../../Game Development/Unreal Engine 4/UE4 Projects/CoopSurvival/Content/Weapons/WeaponEffects/Explosion/P_Explosion.uasset" 139
"../../../../../Game Development/Unreal Engine 4/UE4 Projects/CoopSurvival/Content/Blueprints/BP_ExplosiveBarrel.uasset" 140
"../../../Engine/Content/BasicShapes/BasicShapeMaterial.uasset" 141
"../../../Engine/Content/BasicShapes/Sphere.uasset" 142
"../../../../../Game Development/Unreal Engine 4/UE4 Projects/CoopSurvival/Content/Blueprints/BP_GrenadeProjectile.uasset" 143
"../../../../../Game Development/Unreal Engine 4/UE4 Projects/CoopSurvival/Content/Weapons/Launcher_01_N.uasset" 144
"../../../../../Game Development/Unreal Engine 4/UE4 Projects/CoopSurvival/Content/Weapons/MI_Launcher01.uasset" 145
"../../../../../Game Development/Unreal Engine 4/UE4 Projects/CoopSurvival/Content/Weapons/Launcher_02_N.uasset" 146
"../../../../../Game Development/Unreal Engine 4/UE4 Projects/CoopSurvival/Content/Weapons/MI_Launcher02.uasset" 147
"../../../../../Game Development/Unreal Engine 4/UE4 Projects/CoopSurvival/Content/Weapons/Launcher_Skeleton.uasset" 148
"../../../../../Game Development/Unreal Engine 4/UE4 Projects/CoopSurvival/Content/Weapons/Launcher.uasset" 149
"../../../../../Game Development/Unreal Engine 4/UE4 Projects/CoopSurvival/Content/Blueprints/BP_GrenadeLauncher.uasset" 150
"../../../Engine/Content/Functions/Engine_MaterialFunctions01/Gradient/LinearGradient.uasset" 151
"../../../Engine/Content/Functions/Engine_MaterialFunctions01/ImageAdjustment/CheapContrast.uasset" 152
"../../../../../Game Development/Unreal Engine 4/UE4 Projects/CoopSurvival/Content/NecrosUtilityMatPack/textures/common/t_roughness_01_m.uasset" 153
"../../../../../Game Development/Unreal Engine 4/UE4 Projects/CoopSurvival/Content/NecrosUtilityMatPack/textures/floor/t_wood_floor_01/t_wood_floor_01_d.uasset" 154
"../../../../../Game Development/Unreal Engine 4/UE4 Projects/CoopSurvival/Content/NecrosUtilityMatPack/textures/floor/t_wood_floor_01/t_wood_floor_01_n.uasset" 155
"../../../../../Game Development/Unreal Engine 4/UE4 Projects/CoopSurvival/Content/NecrosUtilityMatPack/textures/floor/t_wood_floor_01/t_wood_floor_01_r.uasset" 156
"../../../../../Game Development/Unreal Engine 4/UE4 Projects/CoopSurvival/Content/NecrosUtilityMatPack/materials/floor/masters/m_wood_floor_worn.uasset" 157
"../../../../../Game Development/Unreal Engine 4/UE4 Projects/CoopSurvival/Content/NecrosUtilityMatPack/materials/floor/mi_wood_floor_worn.uasset" 158
"../../../Engine/Content/EditorMaterials/Cascade/CASC_Cross.uasset" 159
"../../../Engine/Content/EditorMaterials/Cascade/CASC_None.uasset" 160
"../../../Engine/Content/Functions/Engine_MaterialFunctions03/Blends/Blend_Overlay.uasset" 161
"../../../../../Game Development/Unreal Engine 4/UE4 Projects/CoopSurvival/Content/NecrosUtilityMatPack/textures/misc/t_leather_01/t_leather_01_d.uasset" 162
"../../../../../Game Development/Unreal Engine 4/UE4 Projects/CoopSurvival/Content/NecrosUtilityMatPack/textures/misc/t_leather_01/t_leather_01_n.uasset" 163
"../../../../../Game Development/Unreal Engine 4/UE4 Projects/CoopSurvival/Content/NecrosUtilityMatPack/materials/misc/masters/m_leather.uasset" 164
"../../../../../Game Development/Unreal Engine 4/UE4 Projects/CoopSurvival/Content/NecrosUtilityMatPack/materials/misc/mi_leather_worn_red.uasset" 165
"../../../../../Game Development/Unreal Engine 4/UE4 Projects/CoopSurvival/Content/NecrosUtilityMatPack/textures/common/1k/t_groutlines_01_n_1k.uasset" 166
"../../../../../Game Development/Unreal Engine 4/UE4 Projects/CoopSurvival/Content/NecrosUtilityMatPack/textures/common/1k/t_groutlines_02_n_1k.uasset" 167
"../../../../../Game Development/Unreal Engine 4/UE4 Projects/CoopSurvival/Content/NecrosUtilityMatPack/textures/common/1k/t_groutlines_03_n_1k.uasset" 168
"../../../../../Game Development/Unreal Engine 4/UE4 Projects/CoopSurvival/Content/NecrosUtilityMatPack/textures/common/1k/t_noise_01_n_1k.uasset" 169
"../../../../../Game Development/Unreal Engine 4/UE4 Projects/CoopSurvival/Content/NecrosUtilityMatPack/textures/common/1k/t_roughness_01_m_1k.uasset" 170
"../../../../../Game Development/Unreal Engine 4/UE4 Projects/CoopSurvival/Content/NecrosUtilityMatPack/textures/common/1k/t_rust_02_d_1k.uasset" 171
"../../../../../Game Development/Unreal Engine 4/UE4 Projects/CoopSurvival/Content/NecrosUtilityMatPack/textures/common/1k/t_rust_02_n_1k.uasset" 172
"../../../../../Game Development/Unreal Engine 4/UE4 Projects/CoopSurvival/Content/NecrosUtilityMatPack/textures/common/1k/t_splatter_01_m_1k.uasset" 173
"../../../../../Game Development/Unreal Engine 4/UE4 Projects/CoopSurvival/Content/NecrosUtilityMatPack/textures/common/4k/t_groutlines_01_n_4k.uasset" 174
"../../../../../Game Development/Unreal Engine 4/UE4 Projects/CoopSurvival/Content/NecrosUtilityMatPack/textures/common/4k/t_groutlines_02_n_4k.uasset" 175
"../../../../../Game Development/Unreal Engine 4/UE4 Projects/CoopSurvival/Content/NecrosUtilityMatPack/textures/common/4k/t_groutlines_03_n_4k.uasset" 176
"../../../../../Game Development/Unreal Engine 4/UE4 Projects/CoopSurvival/Content/NecrosUtilityMatPack/textures/common/4k/t_rust_02_d_4k.uasset" 177
"../../../../../Game Development/Unreal Engine 4/UE4 Projects/CoopSurvival/Content/NecrosUtilityMatPack/textures/common/4k/t_rust_02_n_4k.uasset" 178
"../../../../../Game Development/Unreal Engine 4/UE4 Projects/CoopSurvival/Content/NecrosUtilityMatPack/textures/dirt/t_asphalt_01/1k/t_asphalt_01_d_1k.uasset" 179
"../../../../../Game Development/Unreal Engine 4/UE4 Projects/CoopSurvival/Content/NecrosUtilityMatPack/textures/dirt/t_asphalt_01/1k/t_asphalt_01_n_1k.uasset" 180
"../../../../../Game Development/Unreal Engine 4/UE4 Projects/CoopSurvival/Content/NecrosUtilityMatPack/textures/dirt/t_asphalt_01/4k/t_asphalt_01_d_4k.uasset" 181
"../../../../../Game Development/Unreal Engine 4/UE4 Projects/CoopSurvival/Content/NecrosUtilityMatPack/textures/dirt/t_asphalt_01/4k/t_asphalt_01_n_4k.uasset" 182
"../../../../../Game Development/Unreal Engine 4/UE4 Projects/CoopSurvival/Content/NecrosUtilityMatPack/textures/dirt/t_caliche_01/t_caliche_01_b.uasset" 183
"../../../../../Game Development/Unreal Engine 4/UE4 Projects/CoopSurvival/Content/NecrosUtilityMatPack/textures/dirt/t_caliche_01/1k/t_caliche_01_ao_1k.uasset" 184
"../../../../../Game Development/Unreal Engine 4/UE4 Projects/CoopSurvival/Content/NecrosUtilityMatPack/textures/dirt/t_caliche_01/1k/t_caliche_01_d_1k.uasset" 185
"../../../../../Game Development/Unreal Engine 4/UE4 Projects/CoopSurvival/Content/NecrosUtilityMatPack/textures/dirt/t_caliche_01/1k/t_caliche_01_n_1k.uasset" 186
"../../../../../Game Development/Unreal Engine 4/UE4 Projects/CoopSurvival/Content/NecrosUtilityMatPack/textures/dirt/t_caliche_01/4k/t_rockydirt_01_ao_4k.uasset" 187
"../../../../../Game Development/Unreal Engine 4/UE4 Projects/CoopSurvival/Content/NecrosUtilityMatPack/textures/dirt/t_caliche_01/4k/t_rockydirt_01_d_4k.uasset" 188
"../../../../../Game Development/Unreal Engine 4/UE4 Projects/CoopSurvival/Content/NecrosUtilityMatPack/textures/dirt/t_caliche_01/4k/t_rockydirt_01_n_4k.uasset" 189
"../../../../../Game Development/Unreal Engine 4/UE4 Projects/CoopSurvival/Content/NecrosUtilityMatPack/textures/dirt/t_caliche_02/1k/t_caliche_02_ao_1k.uasset" 190
"../../../../../Game Development/Unreal Engine 4/UE4 Projects/CoopSurvival/Content/NecrosUtilityMatPack/textures/dirt/t_caliche_02/1k/t_caliche_02_d_1k.uasset" 191
"../../../../../Game Development/Unreal Engine 4/UE4 Projects/CoopSurvival/Content/NecrosUtilityMatPack/textures/dirt/t_caliche_02/1k/t_caliche_02_n_1k.uasset" 192
"../../../../../Game Development/Unreal Engine 4/UE4 Projects/CoopSurvival/Content/NecrosUtilityMatPack/textures/dirt/t_caliche_02/4k/t_caliche_02_ao_4k.uasset" 193
"../../../../../Game Development/Unreal Engine 4/UE4 Projects/CoopSurvival/Content/NecrosUtilityMatPack/textures/dirt/t_caliche_02/4k/t_caliche_02_d_4k.uasset" 194
"../../../../../Game Development/Unreal Engine 4/UE4 Projects/CoopSurvival/Content/NecrosUtilityMatPack/textures/dirt/t_caliche_02/4k/t_caliche_02_n_4k.uasset" 195
"../../../../../Game Development/Unreal Engine 4/UE4 Projects/CoopSurvival/Content/NecrosUtilityMatPack/textures/dirt/t_crackedmud_01/1k/t_crackedmud_01_d_1k.uasset" 196
"../../../../../Game Development/Unreal Engine 4/UE4 Projects/CoopSurvival/Content/NecrosUtilityMatPack/textures/dirt/t_crackedmud_01/1k/t_crackedmud_01_m_1k.uasset" 197
"../../../../../Game Development/Unreal Engine 4/UE4 Projects/CoopSurvival/Content/NecrosUtilityMatPack/textures/dirt/t_crackedmud_01/1k/t_crackedmud_01_n_1k.uasset" 198
"../../../../../Game Development/Unreal Engine 4/UE4 Projects/CoopSurvival/Content/NecrosUtilityMatPack/textures/dirt/t_crackedmud_01/4k/t_crackedmud_01_d_4k.uasset" 199
"../../../../../Game Development/Unreal Engine 4/UE4 Projects/CoopSurvival/Content/NecrosUtilityMatPack/textures/dirt/t_crackedmud_01/4k/t_crackedmud_01_m_4k.uasset" 200
"../../../../../Game Development/Unreal Engine 4/UE4 Projects/CoopSurvival/Content/NecrosUtilityMatPack/textures/dirt/t_crackedmud_01/4k/t_crackedmud_01_n_4k.uasset" 201
"../../../../../Game Development/Unreal Engine 4/UE4 Projects/CoopSurvival/Content/NecrosUtilityMatPack/textures/dirt/t_mud_01/1k/t_mud_01_d_1k.uasset" 202
"../../../../../Game Development/Unreal Engine 4/UE4 Projects/CoopSurvival/Content/NecrosUtilityMatPack/textures/dirt/t_mud_01/1k/t_mud_01_n_1k.uasset" 203
"../../../../../Game Development/Unreal Engine 4/UE4 Projects/CoopSurvival/Content/NecrosUtilityMatPack/textures/dirt/t_mud_01/4k/t_mud_01_d_4k.uasset" 204
"../../../../../Game Development/Unreal Engine 4/UE4 Projects/CoopSurvival/Content/NecrosUtilityMatPack/textures/dirt/t_mud_01/4k/t_mud_01_n_4k.uasset" 205
"../../../../../Game Development/Unreal Engine 4/UE4 Projects/CoopSurvival/Content/NecrosUtilityMatPack/textures/floor/t_concrete_01/1k/t_concrete_01_d_1k.uasset" 206
"../../../../../Game Development/Unreal Engine 4/UE4 Projects/CoopSurvival/Content/NecrosUtilityMatPack/textures/floor/t_concrete_01/1k/t_concrete_01_n_1k.uasset" 207
"../../../../../Game Development/Unreal Engine 4/UE4 Projects/CoopSurvival/Content/NecrosUtilityMatPack/textures/floor/t_concrete_01/4k/t_concrete_01_d_4k.uasset" 208
"../../../../../Game Development/Unreal Engine 4/UE4 Projects/CoopSurvival/Content/NecrosUtilityMatPack/textures/floor/t_concrete_01/4k/t_concrete_01_n_4k.uasset" 209
"../../../../../Game Development/Unreal Engine 4/UE4 Projects/CoopSurvival/Content/NecrosUtilityMatPack/textures/floor/t_rubbermat_01/1k/t_rubbermat_01_ao.uasset" 210
"../../../../../Game Development/Unreal Engine 4/UE4 Projects/CoopSurvival/Content/NecrosUtilityMatPack/textures/floor/t_rubbermat_01/1k/t_rubbermat_01_d.uasset" 211
"../../../../../Game Development/Unreal Engine 4/UE4 Projects/CoopSurvival/Content/NecrosUtilityMatPack/textures/floor/t_rubbermat_01/1k/t_rubbermat_01_n.uasset" 212
"../../../../../Game Development/Unreal Engine 4/UE4 Projects/CoopSurvival/Content/NecrosUtilityMatPack/textures/floor/t_rubbermat_01/4k/t_rubbermat_01_n_4k.uasset" 213
"../../../../../Game Development/Unreal Engine 4/UE4 Projects/CoopSurvival/Content/NecrosUtilityMatPack/textures/grass/t_staw_01/1k/t_straw_01_ao_1k.uasset" 214
"../../../../../Game Development/Unreal Engine 4/UE4 Projects/CoopSurvival/Content/NecrosUtilityMatPack/textures/grass/t_staw_01/1k/t_straw_01_d_1k.uasset" 215
"../../../../../Game Development/Unreal Engine 4/UE4 Projects/CoopSurvival/Content/NecrosUtilityMatPack/textures/grass/t_staw_01/1k/t_straw_01_n_1k.uasset" 216
"../../../../../Game Development/Unreal Engine 4/UE4 Projects/CoopSurvival/Content/NecrosUtilityMatPack/textures/grass/t_staw_01/4k/t_stucco_01_ao_4k.uasset" 217
"../../../../../Game Development/Unreal Engine 4/UE4 Projects/CoopSurvival/Content/NecrosUtilityMatPack/textures/grass/t_staw_01/4k/t_stucco_01_d_4k.uasset" 218
"../../../../../Game Development/Unreal Engine 4/UE4 Projects/CoopSurvival/Content/NecrosUtilityMatPack/textures/grass/t_staw_01/4k/t_stucco_01_n_4k.uasset" 219
"../../../../../Game Development/Unreal Engine 4/UE4 Projects/CoopSurvival/Content/NecrosUtilityMatPack/textures/metal/t_diamondplate_01/1k/t_diamondplate_01_n_1k.uasset" 220
"../../../../../Game Development/Unreal Engine 4/UE4 Projects/CoopSurvival/Content/NecrosUtilityMatPack/textures/metal/t_diamondplate_01/1k/t_diamondplate_02_n_1k.uasset" 221
"../../../../../Game Development/Unreal Engine 4/UE4 Projects/CoopSurvival/Content/NecrosUtilityMatPack/textures/metal/t_diamondplate_01/4k/t_diamondplate_01_n_4k.uasset" 222
"../../../../../Game Development/Unreal Engine 4/UE4 Projects/CoopSurvival/Content/NecrosUtilityMatPack/textures/metal/t_diamondplate_01/4k/t_diamondplate_02_n_4k.uasset" 223
"../../../../../Game Development/Unreal Engine 4/UE4 Projects/CoopSurvival/Content/NecrosUtilityMatPack/textures/metal/t_tinroof_01/1k/t_tinroof_02_ao_1k.uasset" 224
"../../../../../Game Development/Unreal Engine 4/UE4 Projects/CoopSurvival/Content/NecrosUtilityMatPack/textures/metal/t_tinroof_01/1k/t_tinroof_02_d_1k.uasset" 225
"../../../../../Game Development/Unreal Engine 4/UE4 Projects/CoopSurvival/Content/NecrosUtilityMatPack/textures/metal/t_tinroof_01/1k/t_tinroof_02_n_1k.uasset" 226
"../../../../../Game Development/Unreal Engine 4/UE4 Projects/CoopSurvival/Content/NecrosUtilityMatPack/textures/metal/t_tinroof_01/4k/t_tinroof_02_ao_4k.uasset" 227
"../../../../../Game Development/Unreal Engine 4/UE4 Projects/CoopSurvival/Content/NecrosUtilityMatPack/textures/metal/t_tinroof_01/4k/t_tinroof_02_n_4k.uasset" 228
"../../../../../Game Development/Unreal Engine 4/UE4 Projects/CoopSurvival/Content/NecrosUtilityMatPack/textures/misc/t_leather_01/1k/t_leather_01_d_1k.uasset" 229
"../../../../../Game Development/Unreal Engine 4/UE4 Projects/CoopSurvival/Content/NecrosUtilityMatPack/textures/misc/t_leather_01/1k/t_leather_01_n_1k.uasset" 230
"../../../../../Game Development/Unreal Engine 4/UE4 Projects/CoopSurvival/Content/NecrosUtilityMatPack/textures/misc/t_leather_01/4k/t_leather_01_d_4k.uasset" 231
"../../../../../Game Development/Unreal Engine 4/UE4 Projects/CoopSurvival/Content/NecrosUtilityMatPack/textures/misc/t_leather_01/4k/t_leather_01_n_4k.uasset" 232
"../../../../../Game Development/Unreal Engine 4/UE4 Projects/CoopSurvival/Content/NecrosUtilityMatPack/textures/misc/t_tarp_01/1k/t_tarp_01_d_1k.uasset" 233
"../../../../../Game Development/Unreal Engine 4/UE4 Projects/CoopSurvival/Content/NecrosUtilityMatPack/textures/misc/t_tarp_01/1k/t_tarp_01_m_1k.uasset" 234
"../../../../../Game Development/Unreal Engine 4/UE4 Projects/CoopSurvival/Content/NecrosUtilityMatPack/textures/misc/t_tarp_01/1k/t_tarp_01_n_1k.uasset" 235
"../../../../../Game Development/Unreal Engine 4/UE4 Projects/CoopSurvival/Content/NecrosUtilityMatPack/textures/misc/t_tarp_01/4k/t_tarp_01_d_4k.uasset" 236
"../../../../../Game Development/Unreal Engine 4/UE4 Projects/CoopSurvival/Content/NecrosUtilityMatPack/textures/misc/t_tarp_01/4k/t_tarp_01_m_4k.uasset" 237
"../../../../../Game Development/Unreal Engine 4/UE4 Projects/CoopSurvival/Content/NecrosUtilityMatPack/textures/misc/t_tarp_01/4k/t_tarp_01_n_4k.uasset" 238
"../../../../../Game Development/Unreal Engine 4/UE4 Projects/CoopSurvival/Content/NecrosUtilityMatPack/textures/rock/t_rock_01/1k/t_rock_01_d_1k.uasset" 239
"../../../../../Game Development/Unreal Engine 4/UE4 Projects/CoopSurvival/Content/NecrosUtilityMatPack/textures/rock/t_rock_01/1k/t_rock_01_m_1k.uasset" 240
"../../../../../Game Development/Unreal Engine 4/UE4 Projects/CoopSurvival/Content/NecrosUtilityMatPack/textures/rock/t_rock_01/1k/t_rock_01_n_1k.uasset" 241
"../../../../../Game Development/Unreal Engine 4/UE4 Projects/CoopSurvival/Content/NecrosUtilityMatPack/textures/rock/t_rock_01/4k/t_rock_01_d_4k.uasset" 242
"../../../../../Game Development/Unreal Engine 4/UE4 Projects/CoopSurvival/Content/NecrosUtilityMatPack/textures/rock/t_rock_01/4k/t_rock_01_m_4k.uasset" 243
"../../../../../Game Development/Unreal Engine 4/UE4 Projects/CoopSurvival/Content/NecrosUtilityMatPack/textures/rock/t_rock_01/4k/t_rock_01_n_4k.uasset" 244
"../../../../../Game Development/Unreal Engine 4/UE4 Projects/CoopSurvival/Content/NecrosUtilityMatPack/textures/rock/t_rock_02/1k/t_rock_02_d_1k.uasset" 245
"../../../../../Game Development/Unreal Engine 4/UE4 Projects/CoopSurvival/Content/NecrosUtilityMatPack/textures/rock/t_rock_02/1k/t_rock_02_m_1k.uasset" 246
"../../../../../Game Development/Unreal Engine 4/UE4 Projects/CoopSurvival/Content/NecrosUtilityMatPack/textures/rock/t_rock_02/1k/t_rock_02_n_1k.uasset" 247
"../../../../../Game Development/Unreal Engine 4/UE4 Projects/CoopSurvival/Content/NecrosUtilityMatPack/textures/rock/t_rock_02/4k/t_rock_02_d_4k.uasset" 248
"../../../../../Game Development/Unreal Engine 4/UE4 Projects/CoopSurvival/Content/NecrosUtilityMatPack/textures/rock/t_rock_02/4k/t_rock_02_m_4k.uasset" 249
"../../../../../Game Development/Unreal Engine 4/UE4 Projects/CoopSurvival/Content/NecrosUtilityMatPack/textures/rock/t_rock_02/4k/t_rock_02_n_4k.uasset" 250
"../../../../../Game Development/Unreal Engine 4/UE4 Projects/CoopSurvival/Content/NecrosUtilityMatPack/textures/wall/t_block_01/1k/t_block_01_ao_1k.uasset" 251
"../../../../../Game Development/Unreal Engine 4/UE4 Projects/CoopSurvival/Content/NecrosUtilityMatPack/textures/wall/t_block_01/1k/t_block_01_d_1k.uasset" 252
"../../../../../Game Development/Unreal Engine 4/UE4 Projects/CoopSurvival/Content/NecrosUtilityMatPack/textures/wall/t_block_01/1k/t_block_01_n_1k.uasset" 253
"../../../../../Game Development/Unreal Engine 4/UE4 Projects/CoopSurvival/Content/NecrosUtilityMatPack/textures/wall/t_block_01/4k/t_block_01_ao_4k.uasset" 254
"../../../../../Game Development/Unreal Engine 4/UE4 Projects/CoopSurvival/Content/NecrosUtilityMatPack/textures/wall/t_block_01/4k/t_block_01_d_4k.uasset" 255
"../../../../../Game Development/Unreal Engine 4/UE4 Projects/CoopSurvival/Content/NecrosUtilityMatPack/textures/wall/t_block_01/4k/t_block_01_n_4k.uasset" 256
"../../../../../Game Development/Unreal Engine 4/UE4 Projects/CoopSurvival/Content/NecrosUtilityMatPack/textures/wall/t_stucco_01/1k/t_stucco_01_ao_1k.uasset" 257
"../../../../../Game Development/Unreal Engine 4/UE4 Projects/CoopSurvival/Content/NecrosUtilityMatPack/textures/wall/t_stucco_01/1k/t_stucco_01_d_1k.uasset" 258
"../../../../../Game Development/Unreal Engine 4/UE4 Projects/CoopSurvival/Content/NecrosUtilityMatPack/textures/wall/t_stucco_01/1k/t_stucco_01_n_1k.uasset" 259
"../../../../../Game Development/Unreal Engine 4/UE4 Projects/CoopSurvival/Content/NecrosUtilityMatPack/textures/wall/t_stucco_01/4k/t_stucco_01_ao_4k.uasset" 260
"../../../../../Game Development/Unreal Engine 4/UE4 Projects/CoopSurvival/Content/NecrosUtilityMatPack/textures/wall/t_stucco_01/4k/t_stucco_01_d_4k.uasset" 261
"../../../../../Game Development/Unreal Engine 4/UE4 Projects/CoopSurvival/Content/NecrosUtilityMatPack/textures/wall/t_stucco_01/4k/t_stucco_01_n_4k.uasset" 262
"../../../../../Game Development/Unreal Engine 4/UE4 Projects/CoopSurvival/Content/Powerups/Material.uasset" 263
"../../../../../Game Development/Unreal Engine 4/UE4 Projects/CoopSurvival/Content/Powerups/Material1.uasset" 264
"../../../../../Game Development/Unreal Engine 4/UE4 Projects/CoopSurvival/Content/Powerups/Pickup_ammo.uasset" 265
"../../../../../Game Development/Unreal Engine 4/UE4 Projects/CoopSurvival/Content/Powerups/Pickup_powerup.uasset" 266
"../../../../../Game Development/Unreal Engine 4/UE4 Projects/CoopSurvival/Content/Powerups/Pickup_weapon.uasset" 267
"../../../../../Game Development/Unreal Engine 4/UE4 Projects/CoopSurvival/Content/Powerups/powerdown_01.uasset" 268
"../../../../../Game Development/Unreal Engine 4/UE4 Projects/CoopSurvival/Content/Powerups/powerdown_02.uasset" 269
"../../../../../Game Development/Unreal Engine 4/UE4 Projects/CoopSurvival/Content/Powerups/powerup_loop_01.uasset" 270
"../../../../../Game Development/Unreal Engine 4/UE4 Projects/CoopSurvival/Content/Powerups/powerup_loop_02.uasset" 271
"../../../../../Game Development/Unreal Engine 4/UE4 Projects/CoopSurvival/Content/Powerups/respawn_01.uasset" 272
"../../../../../Game Development/Unreal Engine 4/UE4 Projects/CoopSurvival/Content/Powerups/T_CircleMask.uasset" 273
"../../../../../Game Development/Unreal Engine 4/UE4 Projects/CoopSurvival/Content/Powerups/T_CircleMask2.uasset" 274
"../../../../../Game Development/Unreal Engine 4/UE4 Projects/CoopSurvival/Content/Powerups/Effects/T_Flame_Tile.uasset" 275
"../../../../../Game Development/Unreal Engine 4/UE4 Projects/CoopSurvival/Content/Powerups/Effects/T_MeshFire_Mask.uasset" 276
"../../../../../Game Development/Unreal Engine 4/UE4 Projects/CoopSurvival/Content/Powerups/Effects/gold_ore_effect.uasset" 277
"../../../../../Game Development/Unreal Engine 4/UE4 Projects/CoopSurvival/Content/Powerups/Effects/sunflare.uasset" 278
"../../../../../Game Development/Unreal Engine 4/UE4 Projects/CoopSurvival/Content/Powerups/Effects/m_flare_03.uasset" 279
"../../../../../Game Development/Unreal Engine 4/UE4 Projects/CoopSurvival/Content/Powerups/Effects/clouds_dust_detail_01.uasset" 280
"../../../../../Game Development/Unreal Engine 4/UE4 Projects/CoopSurvival/Content/Powerups/Effects/M_wind_swirl_02.uasset" 281
"../../../../../Game Development/Unreal Engine 4/UE4 Projects/CoopSurvival/Content/Powerups/Effects/S_SandSwirl.uasset" 282
"../../../../../Game Development/Unreal Engine 4/UE4 Projects/CoopSurvival/Content/Powerups/Effects/P_gold_ore_appearance.uasset" 283
"../../../../../Game Development/Unreal Engine 4/UE4 Projects/CoopSurvival/Content/Powerups/Effects/T_Fire_tile.uasset" 284
"../../../../../Game Development/Unreal Engine 4/UE4 Projects/CoopSurvival/Content/Powerups/Effects/gold_ore_circle2.uasset" 285
"../../../../../Game Development/Unreal Engine 4/UE4 Projects/CoopSurvival/Content/Powerups/Effects/M_Volumetric_Streaks.uasset" 286
"../../../../../Game Development/Unreal Engine 4/UE4 Projects/CoopSurvival/Content/Powerups/Effects/M_single_ray_01.uasset" 287
"../../../../../Game Development/Unreal Engine 4/UE4 Projects/CoopSurvival/Content/Powerups/Effects/P_gold_ore_aura.uasset" 288
"../../../../../Game Development/Unreal Engine 4/UE4 Projects/CoopSurvival/Content/Powerups/Effects/P_gold_ore_lost.uasset" 289
"../../../Engine/Content/EngineMaterials/WorldGridMaterial.uasset" 290
"../../../../../Game Development/Unreal Engine 4/UE4 Projects/CoopSurvival/Content/Powerups/Effects/round_mask.uasset" 291
"../../../../../Game Development/Unreal Engine 4/UE4 Projects/CoopSurvival/Content/Powerups/Effects/T_Smoke2_Tile.uasset" 292
"../../../../../Game Development/Unreal Engine 4/UE4 Projects/CoopSurvival/Content/Powerups/Effects/Coin2.uasset" 293
"../../../../../Game Development/Unreal Engine 4/UE4 Projects/CoopSurvival/Content/Powerups/Effects/SM_plane_pivot_down.uasset" 294
"../../../../../Game Development/Unreal Engine 4/UE4 Projects/CoopSurvival/Content/Powerups/Effects/P_gold_ore_received.uasset" 295
"../../../../../Game Development/Unreal Engine 4/UE4 Projects/CoopSurvival/Content/TrackerBot/Tracker_Bot_Sounds/ball_roll_01g.uasset" 296
"../../../../../Game Development/Unreal Engine 4/UE4 Projects/CoopSurvival/Content/TrackerBot/Tracker_Bot_Sounds/ball_roll_02_loop.uasset" 297
"../../../../../Game Development/Unreal Engine 4/UE4 Projects/CoopSurvival/Content/TrackerBot/Tracker_Bot_Sounds/ball_roll_04_loop.uasset" 298
"../../../../../Game Development/Unreal Engine 4/UE4 Projects/CoopSurvival/Content/TrackerBot/Tracker_Bot_Sounds/DroneTracker_idle.uasset" 299
"../../../../../Game Development/Unreal Engine 4/UE4 Projects/CoopSurvival/Content/TrackerBot/Tracker_Bot_Sounds/DroneTracker_spotted.uasset" 300
"../../../../../Game Development/Unreal Engine 4/UE4 Projects/CoopSurvival/Content/Weapons/WeaponEffects/ShellEject/M_ShellEjectMetal.uasset" 301
"../../../../../Game Development/Unreal Engine 4/UE4 Projects/CoopSurvival/Content/Weapons/WeaponEffects/ShellEject/SM_ShellEject.uasset" 302
"../../../../../Game Development/Unreal Engine 4/UE4 Projects/CoopSurvival/Content/Weapons/WeaponEffects/ShellEject/P_Rifle_ShellEject.uasset" 303
"../../../Engine/Content/BasicShapes/Cone.uasset" 304
"../../../Engine/Content/BasicShapes/Cylinder.uasset" 305
"../../../Engine/Content/BasicShapes/Plane.uasset" 306
"../../../Engine/Content/EditorLandscapeResources/DataLayer.uasset" 307
"../../../Engine/Content/EditorMaterials/GizmoMaterial.uasset" 308
"../../../Engine/Content/EditorMaterials/MAT_Groups_Toggle.uasset" 309
"../../../Engine/Content/EditorMaterials/MAT_Groups_Visibility.uasset" 310
"../../../Engine/Content/EditorMaterials/PreviewShadowIndicator.uasset" 311
"../../../Engine/Content/EditorMaterials/PreviewShadowIndicatorMaterial.uasset" 312
"../../../Engine/Content/EditorMaterials/MatineeGroups/MAT_ColorTrack.uasset" 313
"../../../Engine/Content/EditorMaterials/MatineeGroups/MAT_Groups_Anim.uasset" 314
"../../../Engine/Content/EditorMaterials/MatineeGroups/MAT_Groups_AudioMaster.uasset" 315
"../../../Engine/Content/EditorMaterials/MatineeGroups/MAT_Groups_Director.uasset" 316
"../../../Engine/Content/EditorMaterials/MatineeGroups/MAT_Groups_Event.uasset" 317
"../../../Engine/Content/EditorMaterials/MatineeGroups/MAT_Groups_Fade.uasset" 318
"../../../Engine/Content/EditorMaterials/MatineeGroups/MAT_Groups_Float.uasset" 319
"../../../Engine/Content/EditorMaterials/MatineeGroups/MAT_Groups_Move.uasset" 320
"../../../Engine/Content/EditorMaterials/MatineeGroups/MAT_Groups_Slomo.uasset" 321
"../../../Engine/Content/EditorMaterials/MatineeGroups/MAT_Groups_Sound.uasset" 322
"../../../Engine/Content/EditorMaterials/MatineeGroups/MAT_Groups_Vector.uasset" 323
"../../../Engine/Content/EditorMaterials/ParticleSystems/PSysThumbnail_NoImage.uasset" 324
"../../../Engine/Content/EditorMaterials/ParticleSystems/PSysThumbnail_OOD.uasset" 325
"../../../Engine/Content/EditorMaterials/Camera/CineMat.uasset" 326
"../../../Engine/Content/EditorMaterials/Camera/MI_CineMat_Rig.uasset" 327
"../../../Engine/Content/EditorMeshes/Camera/SM_CraneRig_Arm.uasset" 328
"../../../Engine/Content/EditorMeshes/Camera/SM_CraneRig_Base.uasset" 329
"../../../Engine/Content/EditorMeshes/Camera/SM_CraneRig_Body.uasset" 330
"../../../Engine/Content/EditorMeshes/Camera/SM_CraneRig_Mount.uasset" 331
"../../../Engine/Content/EditorMeshes/Camera/SM_RailRig_Mount.uasset" 332
"../../../Engine/Content/EditorMeshes/Camera/SM_RailRig_Track.uasset" 333
"../../../Engine/Content/EditorMeshes/ColorCalibrator/M_ChromeBall.uasset" 334
"../../../Engine/Content/EditorMeshes/ColorCalibrator/M_ClearCoat.uasset" 335
"../../../Engine/Content/EditorMeshes/ColorCalibrator/M_ClearCoatBlack.uasset" 336
"../../../Engine/Content/EditorMeshes/ColorCalibrator/Color_checker.uasset" 337
"../../../Engine/Content/EditorMeshes/ColorCalibrator/M_ColorGrid.uasset" 338
"../../../Engine/Content/EditorMeshes/ColorCalibrator/M_GreyBall.uasset" 339
"../../../Engine/Content/EditorMeshes/ColorCalibrator/SM_ColorCalibrator.uasset" 340
"../../../Engine/Content/EditorResources/BSPVertex.uasset" 341
"../../../Engine/Content/EditorResources/EmptyActor.uasset" 342
"../../../Engine/Content/EditorResources/S_Actor.uasset" 343
"../../../Engine/Content/EditorResources/S_Trigger.uasset" 344
"../../../Engine/Content/EditorResources/LightIcons/S_LightError.uasset" 345
"../../../Engine/Content/EditorResources/SequenceRecorder/Countdown.uasset" 346
"../../../Engine/Content/EditorResources/SequenceRecorder/RecordingIndicator.uasset" 347
"../../../Engine/Content/EditorSounds/Notifications/CompileFailed.uasset" 348
"../../../Engine/Content/EditorSounds/Notifications/CompileFailed_Cue.uasset" 349
"../../../Engine/Content/EditorSounds/Notifications/CompileSuccess.uasset" 350
"../../../Engine/Content/EditorSounds/Notifications/CompileStart_Cue.uasset" 351
"../../../Engine/Content/EditorSounds/Notifications/CompileSuccess_Cue.uasset" 352
"../../../Engine/Content/EngineDamageTypes/DmgTypeBP_Environmental.uasset" 353
"../../../Engine/Content/EngineDebugMaterials/HeatmapGradient.uasset" 354
"../../../Engine/Content/EngineDebugMaterials/BoneWeightMaterial.uasset" 355
"../../../Engine/Content/EngineDebugMaterials/ClothMaterial.uasset" 356
"../../../Engine/Content/EngineDebugMaterials/ClothMaterial_WF.uasset" 357
"../../../Engine/Content/EngineDebugMaterials/DebugEditorMaterial.uasset" 358
"../../../Engine/Content/EngineDebugMaterials/DebugMeshMaterial.uasset" 359
"../../../Engine/Content/EngineDebugMaterials/GeomMaterial.uasset" 360
"../../../Engine/Content/EngineFonts/Faces/RobotoBold.uasset" 361
"../../../Engine/Content/EngineFonts/Faces/RobotoBoldItalic.uasset" 362
"../../../Engine/Content/EngineFonts/Faces/RobotoItalic.uasset" 363
"../../../Engine/Content/EngineFonts/Faces/RobotoLight.uasset" 364
"../../../Engine/Content/EngineFonts/Faces/RobotoRegular.uasset" 365
"../../../Engine/Content/EngineFonts/Roboto.uasset" 366
"../../../Engine/Content/EngineFonts/Faces/RobotoTiny.uasset" 367
"../../../Engine/Content/EngineFonts/RobotoTiny.uasset" 368
"../../../Engine/Content/EngineMaterials/DefaultBloomKernel.uasset" 369
"../../../Engine/Content/EngineMaterials/DefaultBokeh.uasset" 370
"../../../Engine/Content/EngineMaterials/DefaultDiffuse.uasset" 371
"../../../Engine/Content/EngineMaterials/DefaultDeferredDecalMaterial.uasset" 372
"../../../Engine/Content/EngineMaterials/DefaultLightFunctionMaterial.uasset" 373
"../../../Engine/Content/EngineMaterials/DefaultPhysicalMaterial.uasset" 374
"../../../Engine/Content/Functions/Engine_MaterialFunctions02/Utility/BreakOutFloat2Components.uasset" 375
"../../../Engine/Content/EngineMaterials/DefaultPostProcessMaterial.uasset" 376
"../../../Engine/Content/EngineFonts/RobotoDistanceField.uasset" 377
"../../../Engine/Content/EngineMaterials/DefaultTextMaterialOpaque.uasset" 378
"../../../Engine/Content/EngineMaterials/DefaultWhiteGrid.uasset" 379
"../../../Engine/Content/EngineMaterials/EditorBrushMaterial.uasset" 380
"../../../Engine/Content/EngineMaterials/Good64x64TilingNoiseHighFreq.uasset" 381
"../../../Engine/Content/EngineMaterials/MiniFont.uasset" 382
"../../../Engine/Content/EngineMaterials/InvalidLightmapSettings.uasset" 383
"../../../Engine/Content/EngineMaterials/M_InvalidLightmapSettings.uasset" 384
"../../../Engine/Content/Functions/Engine_MaterialFunctions02/WorldPositionOffset/CameraOffset.uasset" 385
"../../../Engine/Content/EngineMaterials/PhAT_JointLimitMaterial.uasset" 386
"../../../Engine/Content/EngineMaterials/PreintegratedSkinBRDF.uasset" 387
"../../../Engine/Content/EngineMaterials/RemoveSurfaceMaterial.uasset" 388
"../../../Engine/Content/EngineMaterials/WeightMapPlaceholderTexture.uasset" 389
"../../../Engine/Content/EngineResources/WhiteSquareTexture.uasset" 390
"../../../Engine/Content/EngineMaterials/Widget3DPassThrough.uasset" 391
"../../../Engine/Content/EngineMaterials/Widget3DPassThrough_Masked.uasset" 392
"../../../Engine/Content/EngineMaterials/Widget3DPassThrough_Opaque.uasset" 393
"../../../Engine/Content/EngineMaterials/Widget3DPassThrough_Masked_OneSided.uasset" 394
"../../../Engine/Content/EngineMaterials/Widget3DPassThrough_Opaque_OneSided.uasset" 395
"../../../Engine/Content/EngineMaterials/Widget3DPassThrough_Translucent.uasset" 396
"../../../Engine/Content/EngineMaterials/Widget3DPassThrough_Translucent_OneSided.uasset" 397
"../../../Engine/Content/EngineMeshes/Cube.uasset" 398
"../../../Engine/Content/EngineMeshes/Cylinder.uasset" 399
"../../../Engine/Content/EngineMeshes/Sphere.uasset" 400
"../../../Engine/Content/EngineResources/Black.uasset" 401
"../../../Engine/Content/EngineResources/DefaultTexture.uasset" 402
"../../../Engine/Content/EngineResources/DefaultTextureCube.uasset" 403
"../../../Engine/Content/EngineResources/GradientTexture0.uasset" 404
"../../../Engine/Content/EngineSounds/Master.uasset" 405
"../../../Engine/Content/Functions/Engine_MaterialFunctions01/Shading/ConvertFromDiffSpec.uasset" 406
"../../../Engine/Content/Functions/Engine_MaterialFunctions01/Shading/PowerToRoughness.uasset" 407
"../../../Engine/Content/Maps/Templates/Thumbnails/Default.uasset" 408
"../../../Engine/Content/Maps/Templates/Thumbnails/VR-Basic.uasset" 409
"../../../Engine/Content/MobileResources/T_MobileControls_texture.uasset" 410
"../../../Engine/Content/MobileResources/T_MobileMenu2.uasset" 411
"../../../Engine/Content/MobileResources/HUD/AnalogHat.uasset" 412
"../../../Engine/Content/MobileResources/HUD/VirtualJoystick_Background.uasset" 413
"../../../Engine/Content/MobileResources/HUD/VirtualJoystick_Thumb.uasset" 414
"../../../Engine/Content/MobileResources/HUD/DefaultVirtualJoysticks.uasset" 415
"../../../Engine/Content/MobileResources/HUD/LeftVirtualJoystickOnly.uasset" 416
"../../../Engine/Content/MobileResources/HUD/MobileHUDButton1_off.uasset" 417
"../../../Engine/Content/MobileResources/HUD/MobileHUDButton1_on.uasset" 418
"../../../Engine/Content/MobileResources/HUD/MobileHUDButton2_off.uasset" 419
"../../../Engine/Content/MobileResources/HUD/MobileHUDButton2_on.uasset" 420
"../../../Engine/Content/MobileResources/HUD/MobileHUDButton3.uasset" 421
"../../../Engine/Content/MobileResources/HUD/MobileHUDButtonFire.uasset" 422
"../../../Engine/Content/MobileResources/HUD/MobileHUDDirectionPad.uasset" 423
"../../../Engine/Content/MobileResources/HUD/MobileHUDDirectionPad2.uasset" 424
"../../../Engine/Content/MobileResources/HUD/MobileHUDDirectionPad3.uasset" 425
"../../../Engine/Content/MobileResources/HUD/MobileHUDDirectionStick.uasset" 426
"../../../Engine/Content/MobileResources/HUD/T_Castle_ThumbstickInner.uasset" 427
"../../../Engine/Content/MobileResources/HUD/T_Castle_ThumbstickOutter.uasset" 428
"../../../Engine/Content/Tutorial/ContentIntroCurve.uasset" 429
"../../../Engine/Content/Tutorial/Basics/TutorialAssets/icon_tab_Levels_40x.uasset" 430
"../../../Engine/Content/Tutorial/BlueprintTutorials/TutorialAssets/BlueprintInterface_64x.uasset" 431
"../../../Engine/Content/Tutorial/BlueprintTutorials/TutorialAssets/BlueprintMacroLibrary_64x.uasset" 432
"../../../Engine/Content/Tutorial/BlueprintTutorials/TutorialAssets/Blueprint_64x.uasset" 433
"../../../Engine/Content/Tutorial/BlueprintTutorials/TutorialAssets/Tutorial_BP_Interface.uasset" 434
"../../../Engine/Content/Tutorial/Foliage/TutorialAssets/Foliage.uasset" 435
"../../../Engine/Content/Tutorial/Landscape/TutorialAssets/Landscape.uasset" 436
"../../../Engine/Content/Tutorial/Paper2D/TutorialAssets/Paper2DFlipbook_TutorialIcon.uasset" 437
"../../../Engine/Content/Tutorial/Paper2D/TutorialAssets/Paper2DSprite_TutorialIcon.uasset" 438
"../../../Engine/Content/Tutorial/SubEditors/TutorialAssets/icon_Editor_Preferences_General_40x.uasset" 439
"../../../Engine/Content/Tutorial/SubEditors/TutorialAssets/icon_ShowSkeletalMeshes_40x.uasset" 440
"../../../Engine/Content/Tutorial/SubEditors/TutorialAssets/TutorialMaterial.uasset" 441
"../../../Engine/Content/Tutorial/SubEditors/TutorialAssets/T_SmokeSubUV_8X8.uasset" 442
"../../../Engine/Content/Tutorial/SubEditors/TutorialAssets/T_soft_smoke.uasset" 443
"../../../Engine/Content/Tutorial/SubEditors/TutorialAssets/M_smoke_subUV_blackbody.uasset" 444
"../../../Engine/Content/Tutorial/SubEditors/TutorialAssets/TutorialParticleSystem.uasset" 445
"../../../Engine/Content/VREditor/Devices/Generic/GenericHMDMaterial.uasset" 446
"../../../Engine/Content/VREditor/Devices/Generic/GenericHMD.uasset" 447
"../../../Engine/Content/Functions/Engine_MaterialFunctions02/Utility/BreakOutFloat3Components.uasset" 448
"../../../Engine/Content/VREditor/Devices/Vive/VivePreController_MasksB.uasset" 449
"../../../Engine/Content/VREditor/Devices/Oculus/OculusControllerMaterial.uasset" 450
"../../../Engine/Content/VREditor/Devices/Oculus/OculusControllerMaterial_Inst.uasset" 451
"../../../Engine/Content/VREditor/Devices/Oculus/OculusControllerMesh.uasset" 452
"../../../Engine/Content/VREditor/Devices/Vive/T_VivePreController_EM.uasset" 453
"../../../Engine/Content/VREditor/Devices/Vive/VivePreController_MasksA.uasset" 454
"../../../Engine/Content/VREditor/Devices/Vive/VivePreControllerDiffuse.uasset" 455
"../../../Engine/Content/VREditor/Devices/Vive/VivePreControllerSpec.uasset" 456
"../../../Engine/Content/VREditor/LaserPointer/VR_LaserPower_01.uasset" 457
"../../../Engine/Content/VREditor/Devices/Vive/VivePreControllerMaterial.uasset" 458
"../../../Engine/Content/VREditor/Devices/Vive/VivePreControllerMaterial_Inst.uasset" 459
"../../../Engine/Content/VREditor/Devices/Vive/VivePreControllerMesh.uasset" 460
"../../../Engine/Content/VREditor/FloatingText/LineMaterial.uasset" 461
"../../../Engine/Content/VREditor/FloatingText/JointSphere.uasset" 462
"../../../Engine/Content/VREditor/FloatingText/LineSegmentCylinder.uasset" 463
"../../../Engine/Content/VREditor/Fonts/VRText_RobotoLarge.uasset" 464
"../../../Engine/Content/VREditor/Fonts/VRTextMaterial.uasset" 465
"../../../Engine/Content/VREditor/Fonts/TranslucentVRTextMaterial.uasset" 466
"../../../Engine/Content/VREditor/LaserPointer/CursorPointer.uasset" 467
"../../../Engine/Content/VREditor/TransformGizmo/TransformGizmoMaterial.uasset" 468
"../../../Engine/Content/VREditor/LaserPointer/HoverMaterial.uasset" 469
"../../../Engine/Content/VREditor/TransformGizmo/TranslucentTransformGizmoMaterial.uasset" 470
"../../../Engine/Content/VREditor/LaserPointer/TranslucentHoverMaterial.uasset" 471
"../../../Engine/Content/VREditor/LaserPointer/HoverMesh.uasset" 472
"../../../Engine/Content/VREditor/LaserPointer/LaserPointerMaterial.uasset" 473
"../../../Engine/Content/VREditor/LaserPointer/LaserPointerMaterialInst.uasset" 474
"../../../Engine/Content/VREditor/LaserPointer/TranslucentLaserPointerMaterialInst.uasset" 475
"../../../Engine/Content/VREditor/LaserPointer/LaserPointerMesh.uasset" 476
"../../../Engine/Content/VREditor/LaserPointer/LaserPointerMesh_End.uasset" 477
"../../../Engine/Content/VREditor/LaserPointer/LaserPointerMesh_Start.uasset" 478
"../../../Engine/Content/VREditor/Sounds/VR_teleport.uasset" 479
"../../../Engine/Content/VREditor/Sounds/UI/Click_on_Button.uasset" 480
"../../../Engine/Content/VREditor/Sounds/UI/Click_on_Button_Cue.uasset" 481
"../../../Engine/Content/VREditor/Sounds/UI/Dockable_Window_Close.uasset" 482
"../../../Engine/Content/VREditor/Sounds/UI/Dockable_Window_Drop.uasset" 483
"../../../Engine/Content/VREditor/Sounds/UI/Dockable_Window_Open.uasset" 484
"../../../Engine/Content/VREditor/Sounds/UI/Dockable_Window_Pick_Up.uasset" 485
"../../../Engine/Content/VREditor/Sounds/UI/Drop_Item_From_ContentBrowser.uasset" 486
"../../../Engine/Content/VREditor/Sounds/UI/Floating_UI_Open-001.uasset" 487
"../../../Engine/Content/VREditor/Sounds/UI/Radial_Menu_FadeOut.uasset" 488
"../../../Engine/Content/VREditor/Sounds/UI/Teleport_Mode_Entered.uasset" 489
"../../../Engine/Content/VREditor/Teleport/TeleportDirectionMaterial.uasset" 490
"../../../Engine/Content/VREditor/Teleport/TeleportDirectionMaterial_Inst.uasset" 491
"../../../Engine/Content/VREditor/Teleport/TeleportDirectionMesh.uasset" 492
"../../../Engine/Content/VREditor/TransformGizmo/BoundingBoxCorner.uasset" 493
"../../../Engine/Content/VREditor/TransformGizmo/BoundingBoxEdge.uasset" 494
"../../../Engine/Content/VREditor/TransformGizmo/PlaneTranslationHandle.uasset" 495
"../../../Engine/Content/VREditor/TransformGizmo/Main.uasset" 496
"../../../Engine/Content/VREditor/TransformGizmo/Xray.uasset" 497
"../../../Engine/Content/VREditor/TransformGizmo/SM_Dialog_Close.uasset" 498
"../../../Engine/Content/VREditor/TransformGizmo/SM_Dialog_Move.uasset" 499
"../../../Engine/Content/VREditor/TransformGizmo/SM_Sequencer_Key.uasset" 500
"../../../Engine/Content/VREditor/TransformGizmo/SM_Sequencer_Node.uasset" 501
"../../../Engine/Content/VREditor/TransformGizmo/TransformGizmoMaterial_Inst.uasset" 502
"../../../Engine/Content/VREditor/TransformGizmo/TranslucentTransformGizmoMaterial_Inst.uasset" 503
"../../../Engine/Content/VREditor/Devices/Vive/UE4_Logo.uasset" 504
"../../../Engine/Content/VREditor/UI/M_ContentWindow.uasset" 505
"../../../Engine/Content/VREditor/UI/SM_ContentWindow_01.uasset" 506
"../../../Engine/Content/VREditor/UI/KeyDiskMaterial.uasset" 507
"../../../Engine/Content/VREditor/UI/DiscMaterial.uasset" 508
"../../../Engine/Content/VREditor/UI/SM_Radial_Disk.uasset" 509
"../../../Engine/Content/VREditor/UI/ArrowMaterial.uasset" 510
"../../../Engine/Content/VREditor/UI/SM_Radial_Pointer.uasset" 511
"../../../Engine/Content/VREditor/WorldMovementGrid/SimpleGrid.uasset" 512
"../../../Engine/Content/VREditor/WorldMovementGrid/GridMaterial.uasset" 513
"../../../Engine/Content/Functions/Engine_MaterialFunctions01/Density/ExponentialDensity.uasset" 514
"../../../Engine/Content/VREditor/WorldMovementGrid/GridPostProcess.uasset" 515
"../../../Engine/Content/EditorLandscapeResources/FlattenHeightMat.uasset" 516
"../../../Engine/Content/VREditor/WorldMovementGrid/PlaneMesh.uasset" 517
"../../Plugins/2D/Paper2D/Content/PlaceholderTextures/DummySpriteTexture.uasset" 518
"../../Plugins/2D/Paper2D/Content/DummySprite.uasset" 519
"../../Plugins/2D/Paper2D/Content/DefaultPaperTerrainMaterial.uasset" 520
"../../Plugins/2D/Paper2D/Content/DefaultSpriteMaterial.uasset" 521
"../../Plugins/2D/Paper2D/Content/MaskedUnlitSpriteMaterial.uasset" 522
"../../Plugins/2D/Paper2D/Content/OpaqueUnlitSpriteMaterial.uasset" 523
"../../Plugins/Media/MediaCompositing/Content/DefaultMediaPlaneTexture.uasset" 524
"../../Plugins/Media/MediaCompositing/Content/DefaultMediaPlaneMaterial.uasset" 525
"../../../Engine/Content/Functions/Engine_MaterialFunctions02/Utility/MakeFloat4.uasset" 526
"../../Plugins/Runtime/AppleARKit/Content/ARKitCameraMaterial.uasset" 527
"../../Plugins/Runtime/Oculus/OculusVR/Content/Textures/GearVRController_AO.uasset" 528
"../../Plugins/Runtime/Oculus/OculusVR/Content/Textures/GearVRController_Color.uasset" 529
"../../Plugins/Runtime/Oculus/OculusVR/Content/Textures/GearVRController_Normal.uasset" 530
"../../Plugins/Runtime/Oculus/OculusVR/Content/Materials/GearVRControllerMaterial.uasset" 531
"../../Plugins/Runtime/Oculus/OculusVR/Content/Meshes/GearVrController.uasset" 532
"../../../Engine/Content/EngineSky/C_Sky_Cloud_Color.uasset" 533
"../../../Engine/Content/EngineSky/C_Sky_Horizon_Color.uasset" 534
"../../../Engine/Content/EngineSky/C_Sky_Zenith_Color.uasset" 535
"../../../Engine/Content/EngineSky/T_Sky_Blue.uasset" 536
"../../../Engine/Content/EngineSky/T_Sky_Clouds_M.uasset" 537
"../../../Engine/Content/EngineSky/T_Sky_Stars.uasset" 538
"../../../Engine/Content/EngineSky/M_Sky_Panning_Clouds2.uasset" 539
"../../../Engine/Content/EngineSky/SM_SkySphere.uasset" 540
"../../../Engine/Content/EngineSky/BP_Sky_Sphere.uasset" 541
"../../../../../Game Development/Unreal Engine 4/UE4 Projects/CoopSurvival/Content/Powerups/T_CircleMask3.uasset" 542
"../../../../../Game Development/Unreal Engine 4/UE4 Projects/CoopSurvival/Content/Powerups/M_PowerupDecal.uasset" 543
"../../../../../Game Development/Unreal Engine 4/UE4 Projects/CoopSurvival/Content/Powerups/BP_TestPickup.uasset" 544
"../../../Engine/Content/Functions/Engine_MaterialFunctions02/Utility/Sine_Remapped.uasset" 545
"../../../../../Game Development/Unreal Engine 4/UE4 Projects/CoopSurvival/Content/Powerups/M_PowerupLightFunction.uasset" 546
"../../../../../Game Development/Unreal Engine 4/UE4 Projects/CoopSurvival/Content/Powerups/BP_PowerupBase.uasset" 547
"../../../../../Game Development/Unreal Engine 4/UE4 Projects/CoopSurvival/Content/Powerups/M_Powerup.uasset" 548
"../../../../../Game Development/Unreal Engine 4/UE4 Projects/CoopSurvival/Content/Powerups/HealthRegen/MI_PowerupHealth.uasset" 549
"../../../../../Game Development/Unreal Engine 4/UE4 Projects/CoopSurvival/Content/Powerups/HealthRegen/HealthIcon.uasset" 550
"../../../../../Game Development/Unreal Engine 4/UE4 Projects/CoopSurvival/Content/Powerups/HealthRegen/BP_HealthRegen.uasset" 551
"../../../../../Game Development/Unreal Engine 4/UE4 Projects/CoopSurvival/Content/Powerups/SuperSpeed/MI_PowerupSpeed.uasset" 552
"../../../../../Game Development/Unreal Engine 4/UE4 Projects/CoopSurvival/Content/Powerups/SuperSpeed/SpeedIcon.uasset" 553
"../../../../../Game Development/Unreal Engine 4/UE4 Projects/CoopSurvival/Content/Powerups/SuperSpeed/BP_SuperSpeed.uasset" 554
"../../../../../Game Development/Unreal Engine 4/UE4 Projects/CoopSurvival/Content/Maps/Blockout_P_BuiltData.uasset" 555
"../../../../../Game Development/Unreal Engine 4/UE4 Projects/CoopSurvival/Content/Environment/M_BasicBox.uasset" 556
"../../../../../Game Development/Unreal Engine 4/UE4 Projects/CoopSurvival/Content/Environment/MF_WorldUVs.uasset" 557
"../../../Engine/Content/VREditor/BasicMeshes/T_CleanFloorGrunge_01_D.uasset" 558
"../../../../../Game Development/Unreal Engine 4/UE4 Projects/CoopSurvival/Content/Environment/M_BlockoutSimple.uasset" 559
"../../../../../Game Development/Unreal Engine 4/UE4 Projects/CoopSurvival/Content/Environment/MI_BlockoutSimple_Inst.uasset" 560
"../../../Engine/Content/BasicShapes/Cube.uasset" 561
"../../../../../Game Development/Unreal Engine 4/UE4 Projects/CoopSurvival/Content/Maps/Blockout_P.umap" 562
"../../../../../Game Development/Unreal Engine 4/UE4 Projects/CoopSurvival/Content/AdvancedAI/EnvQueryContext_TargetActor.uasset" 563
"../../../../../Game Development/Unreal Engine 4/UE4 Projects/CoopSurvival/Content/Blueprints/BP_TargetDummy.uasset" 564
"../../../../../Game Development/Unreal Engine 4/UE4 Projects/CoopSurvival/Content/AdvancedAI/BB_AdvancedAI.uasset" 565
"../../../../../Game Development/Unreal Engine 4/UE4 Projects/CoopSurvival/Content/AdvancedAI/Decorator_CheckBelowHealth.uasset" 566
"../../../../../Game Development/Unreal Engine 4/UE4 Projects/CoopSurvival/Content/AdvancedAI/Decorator_DistanceTo.uasset" 567
"../../../../../Game Development/Unreal Engine 4/UE4 Projects/CoopSurvival/Content/AdvancedAI/Service_SelectTargetActor.uasset" 568
"../../../../../Game Development/Unreal Engine 4/UE4 Projects/CoopSurvival/Content/AdvancedAI/Task_AttackTarget.uasset" 569
"../../../../../Game Development/Unreal Engine 4/UE4 Projects/CoopSurvival/Content/AdvancedAI/Task_HealSelf.uasset" 570
"../../../../../Game Development/Unreal Engine 4/UE4 Projects/CoopSurvival/Content/AdvancedAI/EQS_FindCover.uasset" 571
"../../../../../Game Development/Unreal Engine 4/UE4 Projects/CoopSurvival/Content/AdvancedAI/EQS_FindMoveTo.uasset" 572
"../../../../../Game Development/Unreal Engine 4/UE4 Projects/CoopSurvival/Content/AdvancedAI/EQS_FindNearestPlayer.uasset" 573
"../../../../../Game Development/Unreal Engine 4/UE4 Projects/CoopSurvival/Content/AdvancedAI/BT_AdvancedAI.uasset" 574
"../../../../../Game Development/Unreal Engine 4/UE4 Projects/CoopSurvival/Content/AdvancedAI/BP_Rifle_AI.uasset" 575
"../../../../../Game Development/Unreal Engine 4/UE4 Projects/CoopSurvival/Content/AdvancedAI/BP_AdvancedAI.uasset" 576
"../../../../../Game Development/Unreal Engine 4/UE4 Projects/CoopSurvival/Content/Blueprints/BP_GameState.uasset" 577
"../../../../../Game Development/Unreal Engine 4/UE4 Projects/CoopSurvival/Content/TrackerBot/M_TrackerBot.uasset" 578
"../../../../../Game Development/Unreal Engine 4/UE4 Projects/CoopSurvival/Content/TrackerBot/SM_TrackerBot.uasset" 579
"../../../../../Game Development/Unreal Engine 4/UE4 Projects/CoopSurvival/Content/TrackerBot/Tracker_Bot_Sounds/ball_roll_03_loop.uasset" 580
"../../../../../Game Development/Unreal Engine 4/UE4 Projects/CoopSurvival/Content/TrackerBot/Tracker_Bot_Sounds/ball_roll_03_loop_Cue.uasset" 581
"../../../../../Game Development/Unreal Engine 4/UE4 Projects/CoopSurvival/Content/TrackerBot/Tracker_Bot_Sounds/DroneTracker_explodewarning.uasset" 582
"../../../../../Game Development/Unreal Engine 4/UE4 Projects/CoopSurvival/Content/TrackerBot/Tracker_Bot_Sounds/TrackerBotAttenuation.uasset" 583
"../../../../../Game Development/Unreal Engine 4/UE4 Projects/CoopSurvival/Content/TrackerBot/Tracker_Bot_Sounds/DroneTracker_explodewarning_Cue.uasset" 584
"../../../../../Game Development/Unreal Engine 4/UE4 Projects/CoopSurvival/Content/TrackerBot/Tracker_Bot_Sounds/Explosion01.uasset" 585
"../../../../../Game Development/Unreal Engine 4/UE4 Projects/CoopSurvival/Content/TrackerBot/Tracker_Bot_Sounds/Explosion01_Cue.uasset" 586
"../../../../../Game Development/Unreal Engine 4/UE4 Projects/CoopSurvival/Content/TrackerBot/BP_TrackerBot.uasset" 587
"../../../../../Game Development/Unreal Engine 4/UE4 Projects/CoopSurvival/Content/Blueprints/BP_TestGameMode.uasset" 588
"../../../../../Game Development/Unreal Engine 4/UE4 Projects/CoopSurvival/Content/Maps/TestMap_BuiltData.uasset" 589
"../../../Engine/Content/MapTemplates/SM_Template_Map_Floor.uasset" 590
"../../../../../Game Development/Unreal Engine 4/UE4 Projects/CoopSurvival/Content/Maps/TestMap.umap" 591
"../../../Engine/Content/TemplateResources/M_Template_Master.uasset" 592
"../../../Engine/Content/TemplateResources/MI_Template_BaseGray_03_Metal.uasset" 593
"../../../../../Game Development/Unreal Engine 4/UE4 Projects/CoopSurvival/Content/NecrosUtilityMatPack/textures/dirt/t_asphalt_01/t_asphalt_01_d.uasset" 594
"../../../../../Game Development/Unreal Engine 4/UE4 Projects/CoopSurvival/Content/NecrosUtilityMatPack/textures/dirt/t_asphalt_01/t_asphalt_01_n.uasset" 595
"../../../../../Game Development/Unreal Engine 4/UE4 Projects/CoopSurvival/Content/NecrosUtilityMatPack/materials/floor/masters/m_asphalt.uasset" 596
"../../../../../Game Development/Unreal Engine 4/UE4 Projects/CoopSurvival/Content/NecrosUtilityMatPack/materials/floor/mi_asphalt_dry.uasset" 597
"../../../../../Game Development/Unreal Engine 4/UE4 Projects/CoopSurvival/Content/NecrosUtilityMatPack/materials/floor/mi_asphalt_wet.uasset" 598
"../../../Engine/Content/Functions/Engine_MaterialFunctions01/ImageAdjustment/CheapContrast_RGB.uasset" 599
"../../../Engine/Content/Functions/Engine_MaterialFunctions01/Texturing/FlattenNormal.uasset" 600
"../../../../../Game Development/Unreal Engine 4/UE4 Projects/CoopSurvival/Content/NecrosUtilityMatPack/textures/dirt/t_caliche_01/t_caliche_01_ao.uasset" 601
"../../../../../Game Development/Unreal Engine 4/UE4 Projects/CoopSurvival/Content/NecrosUtilityMatPack/textures/dirt/t_caliche_01/t_caliche_01_d.uasset" 602
"../../../../../Game Development/Unreal Engine 4/UE4 Projects/CoopSurvival/Content/NecrosUtilityMatPack/textures/dirt/t_caliche_01/t_caliche_01_n.uasset" 603
"../../../../../Game Development/Unreal Engine 4/UE4 Projects/CoopSurvival/Content/NecrosUtilityMatPack/textures/dirt/t_caliche_01/t_caliche_01_r.uasset" 604
"../../../../../Game Development/Unreal Engine 4/UE4 Projects/CoopSurvival/Content/NecrosUtilityMatPack/textures/dirt/t_caliche_02/t_caliche_02_ao.uasset" 605
"../../../../../Game Development/Unreal Engine 4/UE4 Projects/CoopSurvival/Content/NecrosUtilityMatPack/textures/dirt/t_caliche_02/t_caliche_02_d.uasset" 606
"../../../../../Game Development/Unreal Engine 4/UE4 Projects/CoopSurvival/Content/NecrosUtilityMatPack/textures/dirt/t_caliche_02/t_caliche_02_n.uasset" 607
"../../../../../Game Development/Unreal Engine 4/UE4 Projects/CoopSurvival/Content/NecrosUtilityMatPack/materials/floor/masters/m_caliche_01.uasset" 608
"../../../../../Game Development/Unreal Engine 4/UE4 Projects/CoopSurvival/Content/NecrosUtilityMatPack/materials/floor/mi_caliche_01_gray.uasset" 609
"../../../../../Game Development/Unreal Engine 4/UE4 Projects/CoopSurvival/Content/NecrosUtilityMatPack/materials/floor/mi_caliche_01_red.uasset" 610
"../../../../../Game Development/Unreal Engine 4/UE4 Projects/CoopSurvival/Content/NecrosUtilityMatPack/materials/floor/masters/m_caliche_02.uasset" 611
"../../../../../Game Development/Unreal Engine 4/UE4 Projects/CoopSurvival/Content/NecrosUtilityMatPack/materials/floor/mi_caliche_02_gray.uasset" 612
"../../../../../Game Development/Unreal Engine 4/UE4 Projects/CoopSurvival/Content/NecrosUtilityMatPack/textures/common/t_groutlines_01_m.uasset" 613
"../../../../../Game Development/Unreal Engine 4/UE4 Projects/CoopSurvival/Content/NecrosUtilityMatPack/textures/common/t_groutlines_01_n.uasset" 614
"../../../../../Game Development/Unreal Engine 4/UE4 Projects/CoopSurvival/Content/NecrosUtilityMatPack/textures/common/t_roughness_02_m.uasset" 615
"../../../../../Game Development/Unreal Engine 4/UE4 Projects/CoopSurvival/Content/NecrosUtilityMatPack/textures/floor/t_concrete_01/t_concrete_01_d.uasset" 616
"../../../../../Game Development/Unreal Engine 4/UE4 Projects/CoopSurvival/Content/NecrosUtilityMatPack/textures/floor/t_concrete_01/t_concrete_01_n.uasset" 617
"../../../../../Game Development/Unreal Engine 4/UE4 Projects/CoopSurvival/Content/NecrosUtilityMatPack/materials/floor/masters/m_concrete_floor_panels.uasset" 618
"../../../../../Game Development/Unreal Engine 4/UE4 Projects/CoopSurvival/Content/NecrosUtilityMatPack/materials/floor/mi_concrete_panels_staggered_yellow.uasset" 619
"../../../../../Game Development/Unreal Engine 4/UE4 Projects/CoopSurvival/Content/NecrosUtilityMatPack/textures/common/t_noise_01_n.uasset" 620
"../../../../../Game Development/Unreal Engine 4/UE4 Projects/CoopSurvival/Content/NecrosUtilityMatPack/textures/floor/t_rubbermat_01/t_rubbermat_01_ao.uasset" 621
"../../../../../Game Development/Unreal Engine 4/UE4 Projects/CoopSurvival/Content/NecrosUtilityMatPack/textures/floor/t_rubbermat_01/t_rubbermat_01_d.uasset" 622
"../../../../../Game Development/Unreal Engine 4/UE4 Projects/CoopSurvival/Content/NecrosUtilityMatPack/textures/floor/t_rubbermat_01/t_rubbermat_01_n.uasset" 623
"../../../../../Game Development/Unreal Engine 4/UE4 Projects/CoopSurvival/Content/NecrosUtilityMatPack/materials/floor/masters/m_diamond_pattern.uasset" 624
"../../../../../Game Development/Unreal Engine 4/UE4 Projects/CoopSurvival/Content/NecrosUtilityMatPack/materials/floor/mi_diamond_metal_copper.uasset" 625
"../../../../../Game Development/Unreal Engine 4/UE4 Projects/CoopSurvival/Content/NecrosUtilityMatPack/materials/floor/mi_diamond_metal_red.uasset" 626
"../../../../../Game Development/Unreal Engine 4/UE4 Projects/CoopSurvival/Content/NecrosUtilityMatPack/materials/floor/mi_diamond_rubber_black.uasset" 627
"../../../../../Game Development/Unreal Engine 4/UE4 Projects/CoopSurvival/Content/NecrosUtilityMatPack/materials/floor/mi_diamond_rubber_red.uasset" 628
"../../../Engine/Content/Functions/Engine_MaterialFunctions02/PassThrough.uasset" 629
"../../../Engine/Content/Functions/Engine_MaterialFunctions02/Utility/Sign.uasset" 630
"../../../Engine/Content/Functions/Engine_MaterialFunctions02/Utility/Round.uasset" 631
"../../../../../Game Development/Unreal Engine 4/UE4 Projects/CoopSurvival/Content/NecrosUtilityMatPack/textures/common/t_rust_02_d.uasset" 632
"../../../../../Game Development/Unreal Engine 4/UE4 Projects/CoopSurvival/Content/NecrosUtilityMatPack/textures/common/t_rust_02_n.uasset" 633
"../../../../../Game Development/Unreal Engine 4/UE4 Projects/CoopSurvival/Content/NecrosUtilityMatPack/textures/common/t_splatter_01_m.uasset" 634
"../../../../../Game Development/Unreal Engine 4/UE4 Projects/CoopSurvival/Content/NecrosUtilityMatPack/textures/metal/t_diamondplate_01/t_diamondplate_01_m.uasset" 635
"../../../../../Game Development/Unreal Engine 4/UE4 Projects/CoopSurvival/Content/NecrosUtilityMatPack/textures/metal/t_diamondplate_01/t_diamondplate_01_n.uasset" 636
"../../../../../Game Development/Unreal Engine 4/UE4 Projects/CoopSurvival/Content/NecrosUtilityMatPack/textures/metal/t_steel_01/t_steel_01_d.uasset" 637
"../../../../../Game Development/Unreal Engine 4/UE4 Projects/CoopSurvival/Content/NecrosUtilityMatPack/textures/metal/t_steel_01/t_steel_01_n.uasset" 638
"../../../../../Game Development/Unreal Engine 4/UE4 Projects/CoopSurvival/Content/NecrosUtilityMatPack/materials/floor/masters/m_diamondplate_01.uasset" 639
"../../../../../Game Development/Unreal Engine 4/UE4 Projects/CoopSurvival/Content/NecrosUtilityMatPack/materials/floor/mi_diamondplate_anodized_yellow.uasset" 640
"../../../../../Game Development/Unreal Engine 4/UE4 Projects/CoopSurvival/Content/NecrosUtilityMatPack/materials/floor/mi_diamondplate_chrome.uasset" 641
"../../../../../Game Development/Unreal Engine 4/UE4 Projects/CoopSurvival/Content/NecrosUtilityMatPack/materials/floor/mi_diamondplate_painted_rusty_yellow.uasset" 642
"../../../../../Game Development/Unreal Engine 4/UE4 Projects/CoopSurvival/Content/NecrosUtilityMatPack/materials/floor/mi_diamondplate_painted_yellow.uasset" 643
"../../../../../Game Development/Unreal Engine 4/UE4 Projects/CoopSurvival/Content/NecrosUtilityMatPack/materials/floor/mi_diamondplate_rusty_chrome.uasset" 644
"../../../../../Game Development/Unreal Engine 4/UE4 Projects/CoopSurvival/Content/NecrosUtilityMatPack/textures/common/t_groutlines_03_n.uasset" 645
"../../../../../Game Development/Unreal Engine 4/UE4 Projects/CoopSurvival/Content/NecrosUtilityMatPack/textures/floor/t_floortile_01_m.uasset" 646
"../../../../../Game Development/Unreal Engine 4/UE4 Projects/CoopSurvival/Content/NecrosUtilityMatPack/materials/floor/masters/m_ceramic_floor_tile.uasset" 647
"../../../../../Game Development/Unreal Engine 4/UE4 Projects/CoopSurvival/Content/NecrosUtilityMatPack/materials/floor/mi_floortile_staggered_brown.uasset" 648
"../../../../../Game Development/Unreal Engine 4/UE4 Projects/CoopSurvival/Content/NecrosUtilityMatPack/materials/floor/mi_floortile_straight_turquoise.uasset" 649
"../../../../../Game Development/Unreal Engine 4/UE4 Projects/CoopSurvival/Content/NecrosUtilityMatPack/materials/floor/mi_floortile_straight_white.uasset" 650
"../../../../../Game Development/Unreal Engine 4/UE4 Projects/CoopSurvival/Content/NecrosUtilityMatPack/materials/floor/mi_floortile_straight_yellow.uasset" 651
"../../../Engine/Content/Functions/Engine_MaterialFunctions02/SplitComponents.uasset" 652
"../../../../../Game Development/Unreal Engine 4/UE4 Projects/CoopSurvival/Content/NecrosUtilityMatPack/textures/rock/t_rock_01/t_rock_01_m.uasset" 653
"../../../../../Game Development/Unreal Engine 4/UE4 Projects/CoopSurvival/Content/NecrosUtilityMatPack/textures/rock/t_rock_02/t_rock_02_d.uasset" 654
"../../../../../Game Development/Unreal Engine 4/UE4 Projects/CoopSurvival/Content/NecrosUtilityMatPack/textures/rock/t_rock_02/t_rock_02_n.uasset" 655
"../../../../../Game Development/Unreal Engine 4/UE4 Projects/CoopSurvival/Content/NecrosUtilityMatPack/materials/misc/masters/m_inferno.uasset" 656
"../../../../../Game Development/Unreal Engine 4/UE4 Projects/CoopSurvival/Content/NecrosUtilityMatPack/materials/misc/mi_blood_water_bright.uasset" 657
"../../../../../Game Development/Unreal Engine 4/UE4 Projects/CoopSurvival/Content/NecrosUtilityMatPack/materials/misc/mi_blood_water_dark.uasset" 658
"../../../../../Game Development/Unreal Engine 4/UE4 Projects/CoopSurvival/Content/NecrosUtilityMatPack/textures/dirt/t_crackedmud_01/t_crackedmud_01_d.uasset" 659
"../../../../../Game Development/Unreal Engine 4/UE4 Projects/CoopSurvival/Content/NecrosUtilityMatPack/textures/dirt/t_crackedmud_01/t_crackedmud_01_m.uasset" 660
"../../../../../Game Development/Unreal Engine 4/UE4 Projects/CoopSurvival/Content/NecrosUtilityMatPack/textures/dirt/t_crackedmud_01/t_crackedmud_01_n.uasset" 661
"../../../../../Game Development/Unreal Engine 4/UE4 Projects/CoopSurvival/Content/NecrosUtilityMatPack/materials/misc/masters/m_crackedmud.uasset" 662
"../../../../../Game Development/Unreal Engine 4/UE4 Projects/CoopSurvival/Content/NecrosUtilityMatPack/materials/misc/mi_crackedmud_brown.uasset" 663
"../../../../../Game Development/Unreal Engine 4/UE4 Projects/CoopSurvival/Content/NecrosUtilityMatPack/materials/misc/mi_crackedmud_gray.uasset" 664
"../../../../../Game Development/Unreal Engine 4/UE4 Projects/CoopSurvival/Content/NecrosUtilityMatPack/materials/misc/mi_inferno_yellow.uasset" 665
"../../../../../Game Development/Unreal Engine 4/UE4 Projects/CoopSurvival/Content/NecrosUtilityMatPack/materials/misc/mi_leather_worn.uasset" 666
"../../../../../Game Development/Unreal Engine 4/UE4 Projects/CoopSurvival/Content/NecrosUtilityMatPack/textures/rock/rock_stacked_01/t_rock_stacked_01_ao.uasset" 667
"../../../../../Game Development/Unreal Engine 4/UE4 Projects/CoopSurvival/Content/NecrosUtilityMatPack/textures/rock/rock_stacked_01/t_rock_stacked_01_m.uasset" 668
"../../../../../Game Development/Unreal Engine 4/UE4 Projects/CoopSurvival/Content/NecrosUtilityMatPack/textures/rock/rock_stacked_01/t_rock_stacked_01_n.uasset" 669
"../../../../../Game Development/Unreal Engine 4/UE4 Projects/CoopSurvival/Content/NecrosUtilityMatPack/textures/rock/t_rock_03/t_rock_03_d.uasset" 670
"../../../../../Game Development/Unreal Engine 4/UE4 Projects/CoopSurvival/Content/NecrosUtilityMatPack/textures/rock/t_rock_03/t_rock_03_n.uasset" 671
"../../../../../Game Development/Unreal Engine 4/UE4 Projects/CoopSurvival/Content/NecrosUtilityMatPack/textures/t_lichen/t_lichen_01_m.uasset" 672
"../../../../../Game Development/Unreal Engine 4/UE4 Projects/CoopSurvival/Content/NecrosUtilityMatPack/textures/t_lichen/t_lichen_01_n.uasset" 673
"../../../../../Game Development/Unreal Engine 4/UE4 Projects/CoopSurvival/Content/NecrosUtilityMatPack/materials/misc/masters/m_mesh_rock.uasset" 674
"../../../../../Game Development/Unreal Engine 4/UE4 Projects/CoopSurvival/Content/NecrosUtilityMatPack/materials/misc/mi_mesh_rock.uasset" 675
"../../../Engine/Content/Functions/Engine_MaterialFunctions01/Opacity/AlphaOffset.uasset" 676
"../../../../../Game Development/Unreal Engine 4/UE4 Projects/CoopSurvival/Content/NecrosUtilityMatPack/textures/rock/t_rock_02/t_rock_02_m.uasset" 677
"../../../../../Game Development/Unreal Engine 4/UE4 Projects/CoopSurvival/Content/NecrosUtilityMatPack/material_functions/mf_rust_mask.uasset" 678
"../../../../../Game Development/Unreal Engine 4/UE4 Projects/CoopSurvival/Content/NecrosUtilityMatPack/materials/misc/masters/m_paintedrust_01.uasset" 679
"../../../../../Game Development/Unreal Engine 4/UE4 Projects/CoopSurvival/Content/NecrosUtilityMatPack/materials/misc/mi_paintedrust_gold.uasset" 680
"../../../../../Game Development/Unreal Engine 4/UE4 Projects/CoopSurvival/Content/NecrosUtilityMatPack/materials/misc/mi_paintedrust_red.uasset" 681
"../../../../../Game Development/Unreal Engine 4/UE4 Projects/CoopSurvival/Content/NecrosUtilityMatPack/materials/misc/mi_paintedrust_white.uasset" 682
"../../../../../Game Development/Unreal Engine 4/UE4 Projects/CoopSurvival/Content/NecrosUtilityMatPack/materials/misc/mi_paintedrust_yellow.uasset" 683
"../../../../../Game Development/Unreal Engine 4/UE4 Projects/CoopSurvival/Content/NecrosUtilityMatPack/textures/rock/t_rock_01/t_rock_01_d.uasset" 684
"../../../../../Game Development/Unreal Engine 4/UE4 Projects/CoopSurvival/Content/NecrosUtilityMatPack/textures/rock/t_rock_01/t_rock_01_n.uasset" 685
"../../../../../Game Development/Unreal Engine 4/UE4 Projects/CoopSurvival/Content/NecrosUtilityMatPack/materials/misc/masters/m_rock_01.uasset" 686
"../../../../../Game Development/Unreal Engine 4/UE4 Projects/CoopSurvival/Content/NecrosUtilityMatPack/materials/misc/mi_rock_bloodsoaked.uasset" 687
"../../../../../Game Development/Unreal Engine 4/UE4 Projects/CoopSurvival/Content/NecrosUtilityMatPack/materials/misc/mi_rock_dull.uasset" 688
"../../../../../Game Development/Unreal Engine 4/UE4 Projects/CoopSurvival/Content/NecrosUtilityMatPack/materials/misc/mi_rock_ironrich.uasset" 689
"../../../../../Game Development/Unreal Engine 4/UE4 Projects/CoopSurvival/Content/NecrosUtilityMatPack/materials/misc/mi_rock_red.uasset" 690
"../../../../../Game Development/Unreal Engine 4/UE4 Projects/CoopSurvival/Content/NecrosUtilityMatPack/textures/dirt/t_mud_01/t_mud_01_d.uasset" 691
"../../../../../Game Development/Unreal Engine 4/UE4 Projects/CoopSurvival/Content/NecrosUtilityMatPack/textures/dirt/t_mud_01/t_mud_01_n.uasset" 692
"../../../../../Game Development/Unreal Engine 4/UE4 Projects/CoopSurvival/Content/NecrosUtilityMatPack/material_functions/mf_mud.uasset" 693
"../../../../../Game Development/Unreal Engine 4/UE4 Projects/CoopSurvival/Content/NecrosUtilityMatPack/materials/misc/masters/m_smoothmud.uasset" 694
"../../../../../Game Development/Unreal Engine 4/UE4 Projects/CoopSurvival/Content/NecrosUtilityMatPack/materials/misc/mi_smoothmud_brown.uasset" 695
"../../../../../Game Development/Unreal Engine 4/UE4 Projects/CoopSurvival/Content/NecrosUtilityMatPack/materials/misc/mi_smoothmud_gray.uasset" 696
"../../../../../Game Development/Unreal Engine 4/UE4 Projects/CoopSurvival/Content/NecrosUtilityMatPack/textures/grass/t_staw_01/t_straw_01_ao.uasset" 697
"../../../../../Game Development/Unreal Engine 4/UE4 Projects/CoopSurvival/Content/NecrosUtilityMatPack/textures/grass/t_staw_01/t_straw_01_d.uasset" 698
"../../../../../Game Development/Unreal Engine 4/UE4 Projects/CoopSurvival/Content/NecrosUtilityMatPack/textures/grass/t_staw_01/t_straw_01_n.uasset" 699
"../../../../../Game Development/Unreal Engine 4/UE4 Projects/CoopSurvival/Content/NecrosUtilityMatPack/materials/misc/masters/m_straw_01.uasset" 700
"../../../../../Game Development/Unreal Engine 4/UE4 Projects/CoopSurvival/Content/NecrosUtilityMatPack/materials/misc/mi_straw.uasset" 701
"../../../../../Game Development/Unreal Engine 4/UE4 Projects/CoopSurvival/Content/NecrosUtilityMatPack/textures/misc/t_tarp_01/t_tarp_01_d.uasset" 702
"../../../../../Game Development/Unreal Engine 4/UE4 Projects/CoopSurvival/Content/NecrosUtilityMatPack/textures/misc/t_tarp_01/t_tarp_01_m.uasset" 703
"../../../../../Game Development/Unreal Engine 4/UE4 Projects/CoopSurvival/Content/NecrosUtilityMatPack/textures/misc/t_tarp_01/t_tarp_01_n.uasset" 704
"../../../../../Game Development/Unreal Engine 4/UE4 Projects/CoopSurvival/Content/NecrosUtilityMatPack/materials/misc/masters/m_tarp.uasset" 705
"../../../../../Game Development/Unreal Engine 4/UE4 Projects/CoopSurvival/Content/NecrosUtilityMatPack/materials/misc/mi_tarp_gray.uasset" 706
"../../../../../Game Development/Unreal Engine 4/UE4 Projects/CoopSurvival/Content/NecrosUtilityMatPack/materials/misc/mi_tarp_red.uasset" 707
"../../../../../Game Development/Unreal Engine 4/UE4 Projects/CoopSurvival/Content/NecrosUtilityMatPack/materials/misc/mi_water_murky_brown.uasset" 708
"../../../../../Game Development/Unreal Engine 4/UE4 Projects/CoopSurvival/Content/NecrosUtilityMatPack/textures/roof/t_shingles_01/t_shingles_01_ao.uasset" 709
"../../../../../Game Development/Unreal Engine 4/UE4 Projects/CoopSurvival/Content/NecrosUtilityMatPack/textures/roof/t_shingles_01/t_shingles_01_d.uasset" 710
"../../../../../Game Development/Unreal Engine 4/UE4 Projects/CoopSurvival/Content/NecrosUtilityMatPack/textures/roof/t_shingles_01/t_shingles_01_h.uasset" 711
"../../../../../Game Development/Unreal Engine 4/UE4 Projects/CoopSurvival/Content/NecrosUtilityMatPack/textures/roof/t_shingles_01/t_shingles_01_n.uasset" 712
"../../../../../Game Development/Unreal Engine 4/UE4 Projects/CoopSurvival/Content/NecrosUtilityMatPack/textures/roof/t_shingles_01/t_shingles_01_r.uasset" 713
"../../../../../Game Development/Unreal Engine 4/UE4 Projects/CoopSurvival/Content/NecrosUtilityMatPack/materials/roof/masters/m_roundshingles.uasset" 714
"../../../../../Game Development/Unreal Engine 4/UE4 Projects/CoopSurvival/Content/NecrosUtilityMatPack/materials/roof/mi_roundshingles_brown.uasset" 715
"../../../../../Game Development/Unreal Engine 4/UE4 Projects/CoopSurvival/Content/NecrosUtilityMatPack/materials/roof/mi_roundshingles_gray.uasset" 716
"../../../../../Game Development/Unreal Engine 4/UE4 Projects/CoopSurvival/Content/NecrosUtilityMatPack/materials/roof/mi_roundshingles_red.uasset" 717
"../../../../../Game Development/Unreal Engine 4/UE4 Projects/CoopSurvival/Content/NecrosUtilityMatPack/textures/roof/t_spanish_tile_01/t_spanish_tile_01_ao.uasset" 718
"../../../../../Game Development/Unreal Engine 4/UE4 Projects/CoopSurvival/Content/NecrosUtilityMatPack/textures/roof/t_spanish_tile_01/t_spanish_tile_01_d.uasset" 719
"../../../../../Game Development/Unreal Engine 4/UE4 Projects/CoopSurvival/Content/NecrosUtilityMatPack/textures/roof/t_spanish_tile_01/t_spanish_tile_01_h.uasset" 720
"../../../../../Game Development/Unreal Engine 4/UE4 Projects/CoopSurvival/Content/NecrosUtilityMatPack/textures/roof/t_spanish_tile_01/t_spanish_tile_01_n.uasset" 721
"../../../../../Game Development/Unreal Engine 4/UE4 Projects/CoopSurvival/Content/NecrosUtilityMatPack/materials/roof/masters/m_spanishtile.uasset" 722
"../../../../../Game Development/Unreal Engine 4/UE4 Projects/CoopSurvival/Content/NecrosUtilityMatPack/materials/roof/mi_spanishtile_brown.uasset" 723
"../../../../../Game Development/Unreal Engine 4/UE4 Projects/CoopSurvival/Content/NecrosUtilityMatPack/materials/roof/mi_spanishtile_gray.uasset" 724
"../../../../../Game Development/Unreal Engine 4/UE4 Projects/CoopSurvival/Content/NecrosUtilityMatPack/materials/roof/mi_spanishtile_orange.uasset" 725
"../../../../../Game Development/Unreal Engine 4/UE4 Projects/CoopSurvival/Content/NecrosUtilityMatPack/materials/roof/mi_spanishtile_red.uasset" 726
"../../../../../Game Development/Unreal Engine 4/UE4 Projects/CoopSurvival/Content/NecrosUtilityMatPack/textures/metal/t_tinroof_01/t_tinroof_02_ao.uasset" 727
"../../../../../Game Development/Unreal Engine 4/UE4 Projects/CoopSurvival/Content/NecrosUtilityMatPack/textures/metal/t_tinroof_01/t_tinroof_02_d.uasset" 728
"../../../../../Game Development/Unreal Engine 4/UE4 Projects/CoopSurvival/Content/NecrosUtilityMatPack/textures/metal/t_tinroof_01/t_tinroof_02_n.uasset" 729
"../../../../../Game Development/Unreal Engine 4/UE4 Projects/CoopSurvival/Content/NecrosUtilityMatPack/materials/roof/masters/m_tinroof.uasset" 730
"../../../../../Game Development/Unreal Engine 4/UE4 Projects/CoopSurvival/Content/NecrosUtilityMatPack/materials/roof/mi_tinroof_bright.uasset" 731
"../../../../../Game Development/Unreal Engine 4/UE4 Projects/CoopSurvival/Content/NecrosUtilityMatPack/materials/roof/mi_tinroof_painted_red.uasset" 732
"../../../../../Game Development/Unreal Engine 4/UE4 Projects/CoopSurvival/Content/NecrosUtilityMatPack/materials/roof/mi_tinroof_rusty_bright.uasset" 733
"../../../../../Game Development/Unreal Engine 4/UE4 Projects/CoopSurvival/Content/NecrosUtilityMatPack/materials/roof/mi_tinroof_rusty_painted_red.uasset" 734
"../../../../../Game Development/Unreal Engine 4/UE4 Projects/CoopSurvival/Content/NecrosUtilityMatPack/materials/wall/masters/m_concrete.uasset" 735
"../../../../../Game Development/Unreal Engine 4/UE4 Projects/CoopSurvival/Content/NecrosUtilityMatPack/materials/wall/mi_concrete_drying.uasset" 736
"../../../../../Game Development/Unreal Engine 4/UE4 Projects/CoopSurvival/Content/NecrosUtilityMatPack/textures/common/t_groutlines_02_n.uasset" 737
"../../../../../Game Development/Unreal Engine 4/UE4 Projects/CoopSurvival/Content/NecrosUtilityMatPack/textures/wall/t_block_01/t_block_01_d.uasset" 738
"../../../../../Game Development/Unreal Engine 4/UE4 Projects/CoopSurvival/Content/NecrosUtilityMatPack/textures/wall/t_block_01/t_block_01_n.uasset" 739
"../../../../../Game Development/Unreal Engine 4/UE4 Projects/CoopSurvival/Content/NecrosUtilityMatPack/materials/wall/masters/m_concreteblock.uasset" 740
"../../../../../Game Development/Unreal Engine 4/UE4 Projects/CoopSurvival/Content/NecrosUtilityMatPack/materials/wall/mi_concreteblocks_painted_yellow.uasset" 741
"../../../../../Game Development/Unreal Engine 4/UE4 Projects/CoopSurvival/Content/NecrosUtilityMatPack/textures/floor/t_concrete_02/t_concrete_02_d.uasset" 742
"../../../../../Game Development/Unreal Engine 4/UE4 Projects/CoopSurvival/Content/NecrosUtilityMatPack/textures/floor/t_concrete_02/t_concrete_02_n.uasset" 743
"../../../../../Game Development/Unreal Engine 4/UE4 Projects/CoopSurvival/Content/NecrosUtilityMatPack/textures/wall/t_oldbrick_01/t_oldbrick_01_d.uasset" 744
"../../../../../Game Development/Unreal Engine 4/UE4 Projects/CoopSurvival/Content/NecrosUtilityMatPack/textures/wall/t_oldbrick_01/t_oldbrick_01_h.uasset" 745
"../../../../../Game Development/Unreal Engine 4/UE4 Projects/CoopSurvival/Content/NecrosUtilityMatPack/textures/wall/t_oldbrick_01/t_oldbrick_01_n.uasset" 746
"../../../../../Game Development/Unreal Engine 4/UE4 Projects/CoopSurvival/Content/NecrosUtilityMatPack/textures/wall/t_oldbrick_01/t_oldbrick_r.uasset" 747
"../../../../../Game Development/Unreal Engine 4/UE4 Projects/CoopSurvival/Content/NecrosUtilityMatPack/materials/wall/masters/m_oldbrick_01.uasset" 748
"../../../../../Game Development/Unreal Engine 4/UE4 Projects/CoopSurvival/Content/NecrosUtilityMatPack/materials/wall/mi_oldbrick.uasset" 749
"../../../../../Game Development/Unreal Engine 4/UE4 Projects/CoopSurvival/Content/NecrosUtilityMatPack/material_functions/mf_cinderblocks.uasset" 750
"../../../../../Game Development/Unreal Engine 4/UE4 Projects/CoopSurvival/Content/NecrosUtilityMatPack/textures/wall/t_stucco_01/t_stucco_01_ao.uasset" 751
"../../../../../Game Development/Unreal Engine 4/UE4 Projects/CoopSurvival/Content/NecrosUtilityMatPack/textures/wall/t_stucco_01/t_stucco_01_d.uasset" 752
"../../../../../Game Development/Unreal Engine 4/UE4 Projects/CoopSurvival/Content/NecrosUtilityMatPack/textures/wall/t_stucco_01/t_stucco_01_n.uasset" 753
"../../../../../Game Development/Unreal Engine 4/UE4 Projects/CoopSurvival/Content/NecrosUtilityMatPack/materials/wall/masters/m_stucco.uasset" 754
"../../../../../Game Development/Unreal Engine 4/UE4 Projects/CoopSurvival/Content/NecrosUtilityMatPack/materials/wall/mi_stucco_tan.uasset" 755
"../../../../../Game Development/Unreal Engine 4/UE4 Projects/CoopSurvival/Content/NecrosUtilityMatPack/materials/wall/mi_stucco_worn_tan.uasset" 756
"../../../../../Game Development/Unreal Engine 4/UE4 Projects/CoopSurvival/Content/NecrosUtilityMatPack/textures/wall/t_travertine_01/t_travertin_01_n.uasset" 757
"../../../../../Game Development/Unreal Engine 4/UE4 Projects/CoopSurvival/Content/NecrosUtilityMatPack/textures/wall/t_travertine_01/t_travertine_01_d.uasset" 758
"../../../../../Game Development/Unreal Engine 4/UE4 Projects/CoopSurvival/Content/NecrosUtilityMatPack/textures/wall/t_travertine_01/t_travertine_01_h.uasset" 759
"../../../../../Game Development/Unreal Engine 4/UE4 Projects/CoopSurvival/Content/NecrosUtilityMatPack/textures/wall/t_travertine_01/t_travertine_01_r.uasset" 760
"../../../../../Game Development/Unreal Engine 4/UE4 Projects/CoopSurvival/Content/NecrosUtilityMatPack/materials/wall/masters/m_travertine_interlocking.uasset" 761
"../../../../../Game Development/Unreal Engine 4/UE4 Projects/CoopSurvival/Content/NecrosUtilityMatPack/materials/wall/mi_travertine_interlocking_white.uasset" 762
"../../../../../Game Development/Unreal Engine 4/UE4 Projects/CoopSurvival/Content/NecrosUtilityMatPack/textures/wall/t_travertine_02/t_travertine_02_d.uasset" 763
"../../../../../Game Development/Unreal Engine 4/UE4 Projects/CoopSurvival/Content/NecrosUtilityMatPack/textures/wall/t_travertine_02/t_travertine_02_h.uasset" 764
"../../../../../Game Development/Unreal Engine 4/UE4 Projects/CoopSurvival/Content/NecrosUtilityMatPack/textures/wall/t_travertine_02/t_travertine_02_n.uasset" 765
"../../../../../Game Development/Unreal Engine 4/UE4 Projects/CoopSurvival/Content/NecrosUtilityMatPack/textures/wall/t_travertine_02/t_travertine_02_r.uasset" 766
"../../../../../Game Development/Unreal Engine 4/UE4 Projects/CoopSurvival/Content/NecrosUtilityMatPack/materials/wall/masters/m_travertine_rectangular_staggered.uasset" 767
"../../../../../Game Development/Unreal Engine 4/UE4 Projects/CoopSurvival/Content/NecrosUtilityMatPack/materials/wall/mi_travertine_rectangular_staggered.uasset" 768
"../../../../../Game Development/Unreal Engine 4/UE4 Projects/CoopSurvival/Content/NecrosUtilityMatPack/materials/wall/mi_travertine_square_staggered.uasset" 769
"../../../../../Game Development/Unreal Engine 4/UE4 Projects/CoopSurvival/Content/NecrosUtilityMatPack/materials/wall/masters/m_washedconcrete.uasset" 770
"../../../../../Game Development/Unreal Engine 4/UE4 Projects/CoopSurvival/Content/NecrosUtilityMatPack/materials/wall/mi_washedconcrete.uasset" 771
"../../../../../Game Development/Unreal Engine 4/UE4 Projects/CoopSurvival/Content/NecrosUtilityMatPack/Props/rock_stacked_01.uasset" 772
"../../../../../Game Development/Unreal Engine 4/UE4 Projects/CoopSurvival/Content/NecrosUtilityMatPack/Props/tess_plane.uasset" 773
"../../../../../Game Development/Unreal Engine 4/UE4 Projects/CoopSurvival/Content/Overview.umap" 774
"../../../../../Game Development/Unreal Engine 4/UE4 Projects/CoopSurvival/Content/AnimStarterPack/Crouch_Idle_Rifle_Ironsights.uasset" 775
"../../../../../Game Development/Unreal Engine 4/UE4 Projects/CoopSurvival/Content/AnimStarterPack/Crouch_Walk_Fwd_Rifle_Ironsights.uasset" 776
"../../../../../Game Development/Unreal Engine 4/UE4 Projects/CoopSurvival/Content/AnimStarterPack/Equip_Pistol_Standing.uasset" 777
"../../../../../Game Development/Unreal Engine 4/UE4 Projects/CoopSurvival/Content/AnimStarterPack/Fire_Rifle_Ironsights.uasset" 778
"../../../../../Game Development/Unreal Engine 4/UE4 Projects/CoopSurvival/Content/AnimStarterPack/Hit_React_1.uasset" 779
"../../../../../Game Development/Unreal Engine 4/UE4 Projects/CoopSurvival/Content/AnimStarterPack/Hit_React_2.uasset" 780
"../../../../../Game Development/Unreal Engine 4/UE4 Projects/CoopSurvival/Content/AnimStarterPack/Hit_React_3.uasset" 781
"../../../../../Game Development/Unreal Engine 4/UE4 Projects/CoopSurvival/Content/AnimStarterPack/Idle_Rifle_Hip_Break1.uasset" 782
"../../../../../Game Development/Unreal Engine 4/UE4 Projects/CoopSurvival/Content/AnimStarterPack/Idle_Rifle_Hip_Break2.uasset" 783
"../../../../../Game Development/Unreal Engine 4/UE4 Projects/CoopSurvival/Content/AnimStarterPack/Reload_Rifle_Hip.uasset" 784
"../../../../../Game Development/Unreal Engine 4/UE4 Projects/CoopSurvival/Content/AnimStarterPack/Walk_Fwd_Rifle_Ironsights.uasset" 785
"../../../../../Game Development/Unreal Engine 4/UE4 Projects/CoopSurvival/Content/AnimStarterPack/Showcase.umap" 786
"../../../Engine/Content/Maps/Entry.umap" 787
